#
# A fatal error has been detected by the Java Runtime Environment:
#
#  SIGSEGV (0xb) at pc=0x00007f6141a522d0, pid=217736, tid=217737
#
# JRE version: OpenJDK Runtime Environment Zulu19.30+11-CA (19.0.1+10) (build 19.0.1+10)
# Java VM: OpenJDK 64-Bit Server VM Zulu19.30+11-CA (19.0.1+10, mixed mode, sharing, tiered, compressed oops, compressed class ptrs, g1 gc, linux-amd64)
# Problematic frame:
# C  0x00007f6141a522d0
#
# Core dump will be written. Default location: Core dumps may be processed with "/usr/share/apport/apport -p%p -s%s -c%c -d%d -P%P -u%u -g%g -- %E" (or dumping to /home/agustin/NetBeansProjects/djlAi/core.217736)
#
# If you would like to submit a bug report, please visit:
#   http://www.azul.com/support/
# The crash happened outside the Java Virtual Machine in native code.
# See problematic frame for where to report the bug.
#

---------------  S U M M A R Y ------------

Command Line: -agentlib:jdwp=transport=dt_socket,server=n,address=48129 edu.ubp.doo.djlai.Yolo8

Host: AMD A12-9720P RADEON R7, 12 COMPUTE CORES 4C+8G, 4 cores, 11G, Ubuntu 22.04.2 LTS
Time: Wed Jul  5 00:01:56 2023 -03 elapsed time: 94.700752 seconds (0d 0h 1m 34s)

---------------  T H R E A D  ---------------

Current thread (0x00007f6140028890):  JavaThread "main" [_thread_in_native, id=217737, stack(0x00007f6145300000,0x00007f6145400000)]

Stack: [0x00007f6145300000,0x00007f6145400000],  sp=0x00007f61453fcbf8,  free space=1010k
Native frames: (J=compiled Java code, j=interpreted, Vv=VM code, C=native code)
C  0x00007f6141a522d0

Java frames: (J=compiled Java code, j=interpreted, Vv=VM code)
j  com.sun.jna.Native.invokeInt(Lcom/sun/jna/Function;JI[Ljava/lang/Object;)I+0
j  com.sun.jna.Function.invoke([Ljava/lang/Object;Ljava/lang/Class;ZI)Ljava/lang/Object;+211
j  com.sun.jna.Function.invoke(Ljava/lang/reflect/Method;[Ljava/lang/Class;Ljava/lang/Class;[Ljava/lang/Object;Ljava/util/Map;)Ljava/lang/Object;+271
j  com.sun.jna.Library$Handler.invoke(Ljava/lang/Object;Ljava/lang/reflect/Method;[Ljava/lang/Object;)Ljava/lang/Object;+390
j  jdk.proxy1.$Proxy0.MXImperativeInvokeEx(Lcom/sun/jna/Pointer;ILai/djl/mxnet/jna/PointerArray;Ljava/nio/IntBuffer;Lcom/sun/jna/ptr/PointerByReference;ILai/djl/mxnet/jna/StringArray;Lai/djl/mxnet/jna/StringArray;Lcom/sun/jna/ptr/PointerByReference;)I+64 jdk.proxy1
j  ai.djl.mxnet.jna.JnaUtils.imperativeInvoke(Lcom/sun/jna/Pointer;[Lai/djl/ndarray/NDArray;[Lai/djl/ndarray/NDArray;Lai/djl/util/PairList;)Lai/djl/util/PairList;+153
j  ai.djl.mxnet.jna.FunctionInfo.invoke(Lai/djl/ndarray/NDManager;[Lai/djl/ndarray/NDArray;Lai/djl/util/PairList;)[Lai/djl/ndarray/NDArray;+12
j  ai.djl.mxnet.engine.MxNDManager.invoke(Ljava/lang/String;[Lai/djl/ndarray/NDArray;Lai/djl/util/PairList;)Lai/djl/ndarray/NDArray;+7
j  ai.djl.mxnet.engine.MxNDManager.invoke(Ljava/lang/String;Lai/djl/ndarray/NDArray;Lai/djl/util/PairList;)Lai/djl/ndarray/NDArray;+11
j  ai.djl.mxnet.engine.MxNDArrayIndexer.get(Lai/djl/ndarray/NDArray;Lai/djl/ndarray/index/full/NDIndexFullSlice;)Lai/djl/ndarray/NDArray;+146
j  ai.djl.ndarray.index.NDArrayIndexer.get(Lai/djl/ndarray/NDArray;Lai/djl/ndarray/index/NDIndex;)Lai/djl/ndarray/NDArray;+191
j  ai.djl.ndarray.NDArray.get(Lai/djl/ndarray/NDManager;Lai/djl/ndarray/index/NDIndex;)Lai/djl/ndarray/NDArray;+14
j  ai.djl.ndarray.NDArray.get(Lai/djl/ndarray/index/NDIndex;)Lai/djl/ndarray/NDArray;+8
j  edu.ubp.doo.djlai.YoloTranslator.processOutput(Lai/djl/translate/TranslatorContext;Lai/djl/ndarray/NDList;)Lai/djl/modality/cv/output/DetectedObjects;+118
j  edu.ubp.doo.djlai.YoloTranslator.processOutput(Lai/djl/translate/TranslatorContext;Lai/djl/ndarray/NDList;)Ljava/lang/Object;+3
j  ai.djl.inference.Predictor.processOutputs(Lai/djl/translate/TranslatorContext;Lai/djl/ndarray/NDList;)Ljava/util/List;+61
j  ai.djl.inference.Predictor.batchPredict(Ljava/util/List;)Ljava/util/List;+228
j  ai.djl.inference.Predictor.predict(Ljava/lang/Object;)Ljava/lang/Object;+5
j  edu.ubp.doo.djlai.Yolo8.main([Ljava/lang/String;)V+137
v  ~StubRoutines::call_stub 0x00007f6130137cc6

siginfo: si_signo: 11 (SIGSEGV), si_code: 2 (SEGV_ACCERR), si_addr: 0x00007f6141a522d0

Registers:
RAX=0x00007f6141a522e0, RBX=0x00007f6140c78e78, RCX=0x0000000000000062, RDX=0x00007f6140d8ce30
RSP=0x00007f61453fcbf8, RBP=0x0000000000000004, RSI=0x00007f61453fc830, RDI=0x00007f6141a522e0
R8 =0x00007f6141a5234c, R9 =0x00000000000000ca, R10=0x00007f6096933c80, R11=0x00007f6146be3a10
R12=0x00007f6140c78ef0, R13=0x00007f61453fcc90, R14=0x0000000000000001, R15=0x0000000000000001
RIP=0x00007f6141a522d0, EFLAGS=0x0000000000010202, CSGSFS=0x002b000000000033, ERR=0x0000000000000015
  TRAPNO=0x000000000000000e


Register to memory mapping:

RAX=0x00007f6141a522e0 points into unknown readable memory: 0x00007f6140000530 | 30 05 00 40 61 7f 00 00
RBX=0x00007f6140c78e78 points into unknown readable memory: 0x0000000000000000 | 00 00 00 00 00 00 00 00
RCX=0x0000000000000062 is an unknown value
RDX=0x00007f6140d8ce30 points into unknown readable memory: 0x0029676e702e2a28 | 28 2a 2e 70 6e 67 29 00
RSP=0x00007f61453fcbf8 is pointing into the stack for thread: 0x00007f6140028890
RBP=0x0000000000000004 is an unknown value
RSI=0x00007f61453fc830 is pointing into the stack for thread: 0x00007f6140028890
RDI=0x00007f6141a522e0 points into unknown readable memory: 0x00007f6140000530 | 30 05 00 40 61 7f 00 00
R8 =0x00007f6141a5234c points into unknown readable memory: 04 00 00 00
R9 =0x00000000000000ca is an unknown value
R10=0x00007f6096933c80: <offset 0x0000000000133c80> in /home/agustin/.djl.ai/mxnet/1.9.1-mkl-linux-x86_64/libmxnet.so at 0x00007f6096800000
R11=0x00007f6146be3a10: <offset 0x00000000001e3a10> in /lib/x86_64-linux-gnu/libc.so.6 at 0x00007f6146a00000
R12=0x00007f6140c78ef0 points into unknown readable memory: 0x0000000000000002 | 02 00 00 00 00 00 00 00
R13=0x00007f61453fcc90 is pointing into the stack for thread: 0x00007f6140028890
R14=0x0000000000000001 is an unknown value
R15=0x0000000000000001 is an unknown value


Top of Stack: (sp=0x00007f61453fcbf8)
0x00007f61453fcbf8:   00007f6097bd9ecc 00007f610661e700
0x00007f61453fcc08:   0000000000000000 00007f6141a522e0
0x00007f61453fcc18:   00007f6141864be0 00007f6141110901
0x00007f61453fcc28:   00007f6141b81cb0 0000000000000002 

Instructions: (pc=0x00007f6141a522d0)
0x00007f6141a521d0:   00 00 00 00 00 00 00 00 00 00 00 00 00 00 00 00
0x00007f6141a521e0:   00 00 00 00 00 00 00 00 00 00 00 00 00 00 00 00
0x00007f6141a521f0:   00 00 00 00 00 00 00 00 00 00 00 00 00 00 00 00
0x00007f6141a52200:   00 00 00 00 00 00 00 00 00 00 00 00 00 00 00 00
0x00007f6141a52210:   70 ce c1 9f 60 7f 00 00 44 65 76 69 63 65 20 53
0x00007f6141a52220:   74 6f 72 61 67 65 00 00 00 00 00 00 00 00 00 00
0x00007f6141a52230:   00 00 00 00 00 00 00 00 00 00 00 00 00 00 00 00
0x00007f6141a52240:   00 00 00 00 00 00 00 00 00 00 00 00 00 00 00 00
0x00007f6141a52250:   00 00 00 00 00 00 00 00 00 00 00 00 00 00 00 00
0x00007f6141a52260:   00 00 00 00 00 00 00 00 00 00 00 00 00 00 00 00
0x00007f6141a52270:   00 00 00 00 00 00 00 00 00 00 00 00 00 00 00 00
0x00007f6141a52280:   00 00 00 00 00 00 00 00 00 00 00 00 00 00 00 00
0x00007f6141a52290:   00 00 00 00 00 00 00 00 00 00 00 00 00 00 00 00
0x00007f6141a522a0:   00 00 00 00 00 00 00 00 00 00 00 00 00 00 00 00
0x00007f6141a522b0:   00 00 00 00 00 00 00 00 00 00 00 00 00 00 00 00
0x00007f6141a522c0:   00 00 00 00 00 00 00 00 00 00 00 00 00 00 00 00
0x00007f6141a522d0:   00 00 00 00 00 00 00 00 d1 06 00 00 00 00 00 00
0x00007f6141a522e0:   30 05 00 40 61 7f 00 00 30 05 00 40 61 7f 00 00
0x00007f6141a522f0:   d0 22 a5 41 61 7f 00 00 d0 22 a5 41 61 7f 00 00
0x00007f6141a52300:   00 00 00 00 00 00 00 00 00 00 00 00 00 00 00 00
0x00007f6141a52310:   00 00 00 00 00 00 00 00 00 00 00 00 00 00 00 00
0x00007f6141a52320:   00 00 00 00 00 00 00 00 f3 00 00 00 00 00 00 00
0x00007f6141a52330:   f1 00 00 00 00 00 00 00 00 00 00 00 00 00 00 00
0x00007f6141a52340:   00 00 00 00 00 00 00 00 04 00 00 00 04 00 00 00
0x00007f6141a52350:   00 00 00 00 00 00 00 00 00 00 00 00 00 00 00 00
0x00007f6141a52360:   00 00 00 00 00 00 00 00 00 00 00 00 00 00 00 00
0x00007f6141a52370:   00 2f 86 41 61 7f 00 00 60 4a 86 41 61 7f 00 00
0x00007f6141a52380:   30 16 86 41 61 7f 00 00 a0 4a 86 41 61 7f 00 00
0x00007f6141a52390:   80 0e 86 41 61 7f 00 00 e0 4a 86 41 61 7f 00 00
0x00007f6141a523a0:   00 4b 86 41 61 7f 00 00 70 4b 86 41 61 7f 00 00
0x00007f6141a523b0:   c0 18 a5 41 61 7f 00 00 70 17 90 41 61 7f 00 00
0x00007f6141a523c0:   48 9e ac 40 61 7f 00 00 30 9e ac 40 61 7f 00 00 


Stack slot to memory mapping:
stack at sp + 0 slots: 0x00007f6097bd9ecc: _ZN5mxnet7NDArray5ChunkC1ENS_6TShapeENS_7ContextEbi+0x000000000000019c in /home/agustin/.djl.ai/mxnet/1.9.1-mkl-linux-x86_64/libmxnet.so at 0x00007f6096800000
stack at sp + 1 slots: 0x00007f610661e700: <offset 0x000000000021e700> in /lib/x86_64-linux-gnu/libstdc++.so.6 at 0x00007f6106400000
stack at sp + 2 slots: 0x0 is NULL
stack at sp + 3 slots: 0x00007f6141a522e0 points into unknown readable memory: 0x00007f6140000530 | 30 05 00 40 61 7f 00 00
stack at sp + 4 slots: 0x00007f6141864be0 points into unknown readable memory: 0x00007f609fc1eb30 | 30 eb c1 9f 60 7f 00 00
stack at sp + 5 slots: 0x00007f6141110901 points into unknown readable memory: 00 00 00 00 00 00 00
stack at sp + 6 slots: 0x00007f6141b81cb0 points into unknown readable memory: 0x0000000000000002 | 02 00 00 00 00 00 00 00
stack at sp + 7 slots: 0x0000000000000002 is an unknown value


---------------  P R O C E S S  ---------------

Threads class SMR info:
_java_thread_list=0x00007f60d80034b0, length=14, elements={
0x00007f6140028890, 0x00007f6140120ca0, 0x00007f6140122060, 0x00007f61401237b0,
0x00007f6140124c30, 0x00007f61401260a0, 0x00007f6140127ab0, 0x00007f6140129040,
0x00007f6140132500, 0x00007f614014b410, 0x00007f614014e4a0, 0x00007f614014f620,
0x00007f6140153d10, 0x00007f61409fd440
}

Java Threads: ( => current thread )
=>0x00007f6140028890 JavaThread "main" [_thread_in_native, id=217737, stack(0x00007f6145300000,0x00007f6145400000)]
  0x00007f6140120ca0 JavaThread "Reference Handler" daemon [_thread_blocked, id=217748, stack(0x00007f61202cc000,0x00007f61203cc000)]
  0x00007f6140122060 JavaThread "Finalizer" daemon [_thread_blocked, id=217749, stack(0x00007f61201cc000,0x00007f61202cc000)]
  0x00007f61401237b0 JavaThread "Signal Dispatcher" daemon [_thread_blocked, id=217750, stack(0x00007f61200cc000,0x00007f61201cc000)]
  0x00007f6140124c30 JavaThread "Service Thread" daemon [_thread_blocked, id=217751, stack(0x00007f6107100000,0x00007f6107200000)]
  0x00007f61401260a0 JavaThread "Monitor Deflation Thread" daemon [_thread_blocked, id=217752, stack(0x00007f6107000000,0x00007f6107100000)]
  0x00007f6140127ab0 JavaThread "C2 CompilerThread0" daemon [_thread_blocked, id=217753, stack(0x00007f6106f00000,0x00007f6107000000)]
  0x00007f6140129040 JavaThread "C1 CompilerThread0" daemon [_thread_blocked, id=217754, stack(0x00007f6106e00000,0x00007f6106f00000)]
  0x00007f6140132500 JavaThread "Sweeper thread" daemon [_thread_blocked, id=217755, stack(0x00007f6106d00000,0x00007f6106e00000)]
  0x00007f614014b410 JavaThread "JDWP Transport Listener: dt_socket" daemon [_thread_in_native, id=217756, stack(0x00007f6106c00000,0x00007f6106d00000)]
  0x00007f614014e4a0 JavaThread "JDWP Event Helper Thread" daemon [_thread_blocked, id=217759, stack(0x00007f6106b00000,0x00007f6106c00000)]
  0x00007f614014f620 JavaThread "Notification Thread" daemon [_thread_blocked, id=217764, stack(0x00007f6106900000,0x00007f6106a00000)]
  0x00007f6140153d10 JavaThread "Common-Cleaner" daemon [_thread_blocked, id=217766, stack(0x00007f61066fe000,0x00007f61067fe000)]
  0x00007f61409fd440 JavaThread "JNA Cleaner" daemon [_thread_blocked, id=217822, stack(0x00007f61041fe000,0x00007f61042fe000)]

Other Threads:
  0x00007f6140118fa0 VMThread "VM Thread" [stack: 0x00007f61203ce000,0x00007f61204ce000] [id=217747]
  0x00007f6140150ed0 WatcherThread "VM Periodic Task Thread" [stack: 0x00007f6106800000,0x00007f6106900000] [id=217765]
  0x00007f6140081910 WorkerThread "GC Thread#0" [stack: 0x00007f61440fe000,0x00007f61441fe000] [id=217738]
  0x00007f6100006a20 WorkerThread "GC Thread#1" [stack: 0x00007f61040fe000,0x00007f61041fe000] [id=217824]
  0x00007f61000078b0 WorkerThread "GC Thread#2" [stack: 0x00007f60c8500000,0x00007f60c8600000] [id=217825]
  0x00007f6100008740 WorkerThread "GC Thread#3" [stack: 0x00007f60c8100000,0x00007f60c8200000] [id=217826]
  0x00007f614008e130 ConcurrentGCThread "G1 Main Marker" [stack: 0x00007f613ff00000,0x00007f6140000000] [id=217739]
  0x00007f614008f050 WorkerThread "G1 Conc#0" [stack: 0x00007f6122c2c000,0x00007f6122d2c000] [id=217740]
  0x00007f6140027e30 ConcurrentGCThread "G1 Refine#0" [stack: 0x00007f6120726000,0x00007f6120826000] [id=217741]
  0x00007f61400edc10 ConcurrentGCThread "G1 Service" [stack: 0x00007f6120624000,0x00007f6120724000] [id=217742]

Threads with active compile tasks:

VM state: not at safepoint (normal execution)

VM Mutex/Monitor currently owned by a thread: None

Heap address: 0x000000074d800000, size: 2856 MB, Compressed Oops mode: Zero based, Oop shift amount: 3

CDS archive(s) mapped at: [0x0000000800000000-0x0000000800c4f000-0x0000000800c4f000), size 12906496, SharedBaseAddress: 0x0000000800000000, ArchiveRelocationMode: 0.
Compressed class space mapped at: 0x0000000801000000-0x0000000841000000, reserved size: 1073741824
Narrow klass base: 0x0000000800000000, Narrow klass shift: 0, Narrow klass range: 0x100000000

GC Precious Log:
 CardTable entry size: 512
 Card Set container configuration: InlinePtr #cards 4 size 8 Array Of Cards #cards 16 size 48 Howl #buckets 8 coarsen threshold 3686 Howl Bitmap #cards 512 size 80 coarsen threshold 460 Card regions per heap region 1 cards per card region 4096
 CPUs: 4 total, 4 available
 Memory: 11419M
 Large Page Support: Disabled
 NUMA Support: Disabled
 Compressed Oops: Enabled (Zero based)
 Heap Region Size: 2M
 Heap Min Capacity: 8M
 Heap Initial Capacity: 180M
 Heap Max Capacity: 2856M
 Pre-touch: Disabled
 Parallel Workers: 4
 Concurrent Workers: 1
 Concurrent Refinement Workers: 4
 Periodic GC: Disabled

Heap:
 garbage-first heap   total 188416K, used 59753K [0x000000074d800000, 0x0000000800000000)
  region size 2048K, 29 young (59392K), 4 survivors (8192K)
 Metaspace       used 6608K, committed 6784K, reserved 1114112K
  class space    used 590K, committed 640K, reserved 1048576K

Heap Regions: E=young(eden), S=young(survivor), O=old, HS=humongous(starts), HC=humongous(continues), CS=collection set, F=free, OA=open archive, CA=closed archive, TAMS=top-at-mark-start (previous, next)
|   0|0x000000074d800000, 0x000000074d9b1400, 0x000000074da00000| 84%| O|  |TAMS 0x000000074d800000, 0x000000074d800000| Untracked 
|   1|0x000000074da00000, 0x000000074da00000, 0x000000074dc00000|  0%| F|  |TAMS 0x000000074da00000, 0x000000074da00000| Untracked 
|   2|0x000000074dc00000, 0x000000074dc00000, 0x000000074de00000|  0%| F|  |TAMS 0x000000074dc00000, 0x000000074dc00000| Untracked 
|   3|0x000000074de00000, 0x000000074de00000, 0x000000074e000000|  0%| F|  |TAMS 0x000000074de00000, 0x000000074de00000| Untracked 
|   4|0x000000074e000000, 0x000000074e000000, 0x000000074e200000|  0%| F|  |TAMS 0x000000074e000000, 0x000000074e000000| Untracked 
|   5|0x000000074e200000, 0x000000074e200000, 0x000000074e400000|  0%| F|  |TAMS 0x000000074e200000, 0x000000074e200000| Untracked 
|   6|0x000000074e400000, 0x000000074e400000, 0x000000074e600000|  0%| F|  |TAMS 0x000000074e400000, 0x000000074e400000| Untracked 
|   7|0x000000074e600000, 0x000000074e600000, 0x000000074e800000|  0%| F|  |TAMS 0x000000074e600000, 0x000000074e600000| Untracked 
|   8|0x000000074e800000, 0x000000074e800000, 0x000000074ea00000|  0%| F|  |TAMS 0x000000074e800000, 0x000000074e800000| Untracked 
|   9|0x000000074ea00000, 0x000000074ea00000, 0x000000074ec00000|  0%| F|  |TAMS 0x000000074ea00000, 0x000000074ea00000| Untracked 
|  10|0x000000074ec00000, 0x000000074ec00000, 0x000000074ee00000|  0%| F|  |TAMS 0x000000074ec00000, 0x000000074ec00000| Untracked 
|  11|0x000000074ee00000, 0x000000074ee00000, 0x000000074f000000|  0%| F|  |TAMS 0x000000074ee00000, 0x000000074ee00000| Untracked 
|  12|0x000000074f000000, 0x000000074f000000, 0x000000074f200000|  0%| F|  |TAMS 0x000000074f000000, 0x000000074f000000| Untracked 
|  13|0x000000074f200000, 0x000000074f200000, 0x000000074f400000|  0%| F|  |TAMS 0x000000074f200000, 0x000000074f200000| Untracked 
|  14|0x000000074f400000, 0x000000074f400000, 0x000000074f600000|  0%| F|  |TAMS 0x000000074f400000, 0x000000074f400000| Untracked 
|  15|0x000000074f600000, 0x000000074f600000, 0x000000074f800000|  0%| F|  |TAMS 0x000000074f600000, 0x000000074f600000| Untracked 
|  16|0x000000074f800000, 0x000000074f800000, 0x000000074fa00000|  0%| F|  |TAMS 0x000000074f800000, 0x000000074f800000| Untracked 
|  17|0x000000074fa00000, 0x000000074fa00000, 0x000000074fc00000|  0%| F|  |TAMS 0x000000074fa00000, 0x000000074fa00000| Untracked 
|  18|0x000000074fc00000, 0x000000074fc00000, 0x000000074fe00000|  0%| F|  |TAMS 0x000000074fc00000, 0x000000074fc00000| Untracked 
|  19|0x000000074fe00000, 0x000000074fe00000, 0x0000000750000000|  0%| F|  |TAMS 0x000000074fe00000, 0x000000074fe00000| Untracked 
|  20|0x0000000750000000, 0x0000000750000000, 0x0000000750200000|  0%| F|  |TAMS 0x0000000750000000, 0x0000000750000000| Untracked 
|  21|0x0000000750200000, 0x0000000750200000, 0x0000000750400000|  0%| F|  |TAMS 0x0000000750200000, 0x0000000750200000| Untracked 
|  22|0x0000000750400000, 0x0000000750400000, 0x0000000750600000|  0%| F|  |TAMS 0x0000000750400000, 0x0000000750400000| Untracked 
|  23|0x0000000750600000, 0x0000000750600000, 0x0000000750800000|  0%| F|  |TAMS 0x0000000750600000, 0x0000000750600000| Untracked 
|  24|0x0000000750800000, 0x0000000750800000, 0x0000000750a00000|  0%| F|  |TAMS 0x0000000750800000, 0x0000000750800000| Untracked 
|  25|0x0000000750a00000, 0x0000000750a00000, 0x0000000750c00000|  0%| F|  |TAMS 0x0000000750a00000, 0x0000000750a00000| Untracked 
|  26|0x0000000750c00000, 0x0000000750c00000, 0x0000000750e00000|  0%| F|  |TAMS 0x0000000750c00000, 0x0000000750c00000| Untracked 
|  27|0x0000000750e00000, 0x0000000750e00000, 0x0000000751000000|  0%| F|  |TAMS 0x0000000750e00000, 0x0000000750e00000| Untracked 
|  28|0x0000000751000000, 0x0000000751000000, 0x0000000751200000|  0%| F|  |TAMS 0x0000000751000000, 0x0000000751000000| Untracked 
|  29|0x0000000751200000, 0x0000000751200000, 0x0000000751400000|  0%| F|  |TAMS 0x0000000751200000, 0x0000000751200000| Untracked 
|  30|0x0000000751400000, 0x0000000751400000, 0x0000000751600000|  0%| F|  |TAMS 0x0000000751400000, 0x0000000751400000| Untracked 
|  31|0x0000000751600000, 0x0000000751600000, 0x0000000751800000|  0%| F|  |TAMS 0x0000000751600000, 0x0000000751600000| Untracked 
|  32|0x0000000751800000, 0x00000007518b1210, 0x0000000751a00000| 34%| S|CS|TAMS 0x0000000751800000, 0x0000000751800000| Complete 
|  33|0x0000000751a00000, 0x0000000751c00000, 0x0000000751c00000|100%| S|CS|TAMS 0x0000000751a00000, 0x0000000751a00000| Complete 
|  34|0x0000000751c00000, 0x0000000751e00000, 0x0000000751e00000|100%| S|CS|TAMS 0x0000000751c00000, 0x0000000751c00000| Complete 
|  35|0x0000000751e00000, 0x0000000752000000, 0x0000000752000000|100%| S|CS|TAMS 0x0000000751e00000, 0x0000000751e00000| Complete 
|  36|0x0000000752000000, 0x0000000752000000, 0x0000000752200000|  0%| F|  |TAMS 0x0000000752000000, 0x0000000752000000| Untracked 
|  37|0x0000000752200000, 0x0000000752200000, 0x0000000752400000|  0%| F|  |TAMS 0x0000000752200000, 0x0000000752200000| Untracked 
|  38|0x0000000752400000, 0x0000000752400000, 0x0000000752600000|  0%| F|  |TAMS 0x0000000752400000, 0x0000000752400000| Untracked 
|  39|0x0000000752600000, 0x0000000752600000, 0x0000000752800000|  0%| F|  |TAMS 0x0000000752600000, 0x0000000752600000| Untracked 
|  40|0x0000000752800000, 0x0000000752800000, 0x0000000752a00000|  0%| F|  |TAMS 0x0000000752800000, 0x0000000752800000| Untracked 
|  41|0x0000000752a00000, 0x0000000752a00000, 0x0000000752c00000|  0%| F|  |TAMS 0x0000000752a00000, 0x0000000752a00000| Untracked 
|  42|0x0000000752c00000, 0x0000000752c00000, 0x0000000752e00000|  0%| F|  |TAMS 0x0000000752c00000, 0x0000000752c00000| Untracked 
|  43|0x0000000752e00000, 0x0000000752e00000, 0x0000000753000000|  0%| F|  |TAMS 0x0000000752e00000, 0x0000000752e00000| Untracked 
|  44|0x0000000753000000, 0x0000000753000000, 0x0000000753200000|  0%| F|  |TAMS 0x0000000753000000, 0x0000000753000000| Untracked 
|  45|0x0000000753200000, 0x0000000753200000, 0x0000000753400000|  0%| F|  |TAMS 0x0000000753200000, 0x0000000753200000| Untracked 
|  46|0x0000000753400000, 0x0000000753400000, 0x0000000753600000|  0%| F|  |TAMS 0x0000000753400000, 0x0000000753400000| Untracked 
|  47|0x0000000753600000, 0x0000000753600000, 0x0000000753800000|  0%| F|  |TAMS 0x0000000753600000, 0x0000000753600000| Untracked 
|  48|0x0000000753800000, 0x0000000753800000, 0x0000000753a00000|  0%| F|  |TAMS 0x0000000753800000, 0x0000000753800000| Untracked 
|  49|0x0000000753a00000, 0x0000000753a00000, 0x0000000753c00000|  0%| F|  |TAMS 0x0000000753a00000, 0x0000000753a00000| Untracked 
|  50|0x0000000753c00000, 0x0000000753c00000, 0x0000000753e00000|  0%| F|  |TAMS 0x0000000753c00000, 0x0000000753c00000| Untracked 
|  51|0x0000000753e00000, 0x0000000753e00000, 0x0000000754000000|  0%| F|  |TAMS 0x0000000753e00000, 0x0000000753e00000| Untracked 
|  52|0x0000000754000000, 0x0000000754000000, 0x0000000754200000|  0%| F|  |TAMS 0x0000000754000000, 0x0000000754000000| Untracked 
|  53|0x0000000754200000, 0x0000000754200000, 0x0000000754400000|  0%| F|  |TAMS 0x0000000754200000, 0x0000000754200000| Untracked 
|  54|0x0000000754400000, 0x0000000754400000, 0x0000000754600000|  0%| F|  |TAMS 0x0000000754400000, 0x0000000754400000| Untracked 
|  55|0x0000000754600000, 0x0000000754600000, 0x0000000754800000|  0%| F|  |TAMS 0x0000000754600000, 0x0000000754600000| Untracked 
|  56|0x0000000754800000, 0x0000000754800000, 0x0000000754a00000|  0%| F|  |TAMS 0x0000000754800000, 0x0000000754800000| Untracked 
|  57|0x0000000754a00000, 0x0000000754a00000, 0x0000000754c00000|  0%| F|  |TAMS 0x0000000754a00000, 0x0000000754a00000| Untracked 
|  58|0x0000000754c00000, 0x0000000754c00000, 0x0000000754e00000|  0%| F|  |TAMS 0x0000000754c00000, 0x0000000754c00000| Untracked 
|  59|0x0000000754e00000, 0x0000000754e00000, 0x0000000755000000|  0%| F|  |TAMS 0x0000000754e00000, 0x0000000754e00000| Untracked 
|  60|0x0000000755000000, 0x0000000755000000, 0x0000000755200000|  0%| F|  |TAMS 0x0000000755000000, 0x0000000755000000| Untracked 
|  61|0x0000000755200000, 0x0000000755200000, 0x0000000755400000|  0%| F|  |TAMS 0x0000000755200000, 0x0000000755200000| Untracked 
|  62|0x0000000755400000, 0x0000000755400000, 0x0000000755600000|  0%| F|  |TAMS 0x0000000755400000, 0x0000000755400000| Untracked 
|  63|0x0000000755600000, 0x0000000755600000, 0x0000000755800000|  0%| F|  |TAMS 0x0000000755600000, 0x0000000755600000| Untracked 
|  64|0x0000000755800000, 0x0000000755800000, 0x0000000755a00000|  0%| F|  |TAMS 0x0000000755800000, 0x0000000755800000| Untracked 
|  65|0x0000000755a00000, 0x0000000755b00800, 0x0000000755c00000| 50%| E|  |TAMS 0x0000000755a00000, 0x0000000755a00000| Complete 
|  66|0x0000000755c00000, 0x0000000755e00000, 0x0000000755e00000|100%| E|CS|TAMS 0x0000000755c00000, 0x0000000755c00000| Complete 
|  67|0x0000000755e00000, 0x0000000756000000, 0x0000000756000000|100%| E|CS|TAMS 0x0000000755e00000, 0x0000000755e00000| Complete 
|  68|0x0000000756000000, 0x0000000756200000, 0x0000000756200000|100%| E|CS|TAMS 0x0000000756000000, 0x0000000756000000| Complete 
|  69|0x0000000756200000, 0x0000000756400000, 0x0000000756400000|100%| E|CS|TAMS 0x0000000756200000, 0x0000000756200000| Complete 
|  70|0x0000000756400000, 0x0000000756600000, 0x0000000756600000|100%| E|CS|TAMS 0x0000000756400000, 0x0000000756400000| Complete 
|  71|0x0000000756600000, 0x0000000756800000, 0x0000000756800000|100%| E|CS|TAMS 0x0000000756600000, 0x0000000756600000| Complete 
|  72|0x0000000756800000, 0x0000000756a00000, 0x0000000756a00000|100%| E|CS|TAMS 0x0000000756800000, 0x0000000756800000| Complete 
|  73|0x0000000756a00000, 0x0000000756c00000, 0x0000000756c00000|100%| E|CS|TAMS 0x0000000756a00000, 0x0000000756a00000| Complete 
|  74|0x0000000756c00000, 0x0000000756e00000, 0x0000000756e00000|100%| E|CS|TAMS 0x0000000756c00000, 0x0000000756c00000| Complete 
|  75|0x0000000756e00000, 0x0000000757000000, 0x0000000757000000|100%| E|CS|TAMS 0x0000000756e00000, 0x0000000756e00000| Complete 
|  76|0x0000000757000000, 0x0000000757200000, 0x0000000757200000|100%| E|CS|TAMS 0x0000000757000000, 0x0000000757000000| Complete 
|  77|0x0000000757200000, 0x0000000757400000, 0x0000000757400000|100%| E|CS|TAMS 0x0000000757200000, 0x0000000757200000| Complete 
|  78|0x0000000757400000, 0x0000000757600000, 0x0000000757600000|100%| E|CS|TAMS 0x0000000757400000, 0x0000000757400000| Complete 
|  79|0x0000000757600000, 0x0000000757800000, 0x0000000757800000|100%| E|CS|TAMS 0x0000000757600000, 0x0000000757600000| Complete 
|  80|0x0000000757800000, 0x0000000757a00000, 0x0000000757a00000|100%| E|CS|TAMS 0x0000000757800000, 0x0000000757800000| Complete 
|  81|0x0000000757a00000, 0x0000000757c00000, 0x0000000757c00000|100%| E|CS|TAMS 0x0000000757a00000, 0x0000000757a00000| Complete 
|  82|0x0000000757c00000, 0x0000000757e00000, 0x0000000757e00000|100%| E|CS|TAMS 0x0000000757c00000, 0x0000000757c00000| Complete 
|  83|0x0000000757e00000, 0x0000000758000000, 0x0000000758000000|100%| E|CS|TAMS 0x0000000757e00000, 0x0000000757e00000| Complete 
|  84|0x0000000758000000, 0x0000000758200000, 0x0000000758200000|100%| E|CS|TAMS 0x0000000758000000, 0x0000000758000000| Complete 
|  85|0x0000000758200000, 0x0000000758400000, 0x0000000758400000|100%| E|CS|TAMS 0x0000000758200000, 0x0000000758200000| Complete 
|  86|0x0000000758400000, 0x0000000758600000, 0x0000000758600000|100%| E|CS|TAMS 0x0000000758400000, 0x0000000758400000| Complete 
|  87|0x0000000758600000, 0x0000000758800000, 0x0000000758800000|100%| E|CS|TAMS 0x0000000758600000, 0x0000000758600000| Complete 
|  88|0x0000000758800000, 0x0000000758a00000, 0x0000000758a00000|100%| E|CS|TAMS 0x0000000758800000, 0x0000000758800000| Complete 
|  89|0x0000000758a00000, 0x0000000758c00000, 0x0000000758c00000|100%| E|CS|TAMS 0x0000000758a00000, 0x0000000758a00000| Complete 
|1426|0x00000007ffc00000, 0x00000007ffd77000, 0x00000007ffe00000| 73%|OA|  |TAMS 0x00000007ffc00000, 0x00000007ffc00000| Untracked 
|1427|0x00000007ffe00000, 0x00000007ffe81000, 0x0000000800000000| 25%|CA|  |TAMS 0x00000007ffe00000, 0x00000007ffe00000| Untracked 

Card table byte_map: [0x00007f61441fe000,0x00007f6144792000] _byte_map_base: 0x00007f6140792000

Marking Bits (Prev, Next): (CMBitMap*) 0x00007f6140082330, (CMBitMap*) 0x00007f6140082370
 Prev Bits: [0x00007f61259cc000, 0x00007f612866c000)
 Next Bits: [0x00007f6122d2c000, 0x00007f61259cc000)

Polling page: 0x00007f6146cf4000

Metaspace:

Usage:
  Non-class:      5,88 MB used.
      Class:    590,96 KB used.
       Both:      6,45 MB used.

Virtual space:
  Non-class space:       64,00 MB reserved,       6,00 MB (  9%) committed,  1 nodes.
      Class space:        1,00 GB reserved,     640,00 KB ( <1%) committed,  1 nodes.
             Both:        1,06 GB reserved,       6,62 MB ( <1%) committed. 

Chunk freelists:
   Non-Class:  1,36 MB
       Class:  3,38 MB
        Both:  4,74 MB

MaxMetaspaceSize: unlimited
CompressedClassSpaceSize: 1,00 GB
Initial GC threshold: 21,00 MB
Current GC threshold: 21,00 MB
CDS: on
MetaspaceReclaimPolicy: balanced
 - commit_granule_bytes: 65536.
 - commit_granule_words: 8192.
 - virtual_space_node_default_size: 8388608.
 - enlarge_chunks_in_place: 1.
 - new_chunks_are_fully_committed: 0.
 - uncommit_free_chunks: 1.
 - use_allocation_guard: 0.


Internal statistics:

num_allocs_failed_limit: 0.
num_arena_births: 92.
num_arena_deaths: 0.
num_vsnodes_births: 2.
num_vsnodes_deaths: 0.
num_space_committed: 106.
num_space_uncommitted: 0.
num_chunks_returned_to_freelist: 0.
num_chunks_taken_from_freelist: 230.
num_chunk_merges: 0.
num_chunk_splits: 153.
num_chunks_enlarged: 116.
num_inconsistent_stats: 0.

CodeHeap 'non-profiled nmethods': size=120032Kb used=514Kb max_used=514Kb free=119517Kb
 bounds [0x00007f61306c8000, 0x00007f6130938000, 0x00007f6137c00000]
CodeHeap 'profiled nmethods': size=120028Kb used=2231Kb max_used=2231Kb free=117796Kb
 bounds [0x00007f6128c00000, 0x00007f6128e70000, 0x00007f6130137000]
CodeHeap 'non-nmethods': size=5700Kb used=1541Kb max_used=1559Kb free=4158Kb
 bounds [0x00007f6130137000, 0x00007f61303a7000, 0x00007f61306c8000]
 total_blobs=1939 nmethods=1156 adapters=696
 compilation: enabled
              stopped_count=0, restarted_count=0
 full_count=0

Compilation events (20 events):
Event: 24,575 Thread 0x00007f60e80db2c0 nmethod 1139 0x00007f6130745b90 code [0x00007f6130745d00, 0x00007f6130745d98]
Event: 24,577 Thread 0x00007f6140127ab0 nmethod 1149 0x00007f6130745e90 code [0x00007f6130746020, 0x00007f6130746368]
Event: 37,498 Thread 0x00007f6140129040 1151       3       java.nio.Bits::unreserveMemory (64 bytes)
Event: 37,498 Thread 0x00007f6140127ab0 1153       4       jdk.internal.misc.Unsafe::getAndAddLong (27 bytes)
Event: 37,499 Thread 0x00007f6140129040 nmethod 1151 0x00007f6128e2d690 code [0x00007f6128e2d860, 0x00007f6128e2da20]
Event: 37,499 Thread 0x00007f6140129040 1152       3       java.util.concurrent.atomic.AtomicLong::decrementAndGet (16 bytes)
Event: 37,499 Thread 0x00007f6140129040 nmethod 1152 0x00007f6128e2db90 code [0x00007f6128e2dd20, 0x00007f6128e2de50]
Event: 37,499 Thread 0x00007f6140127ab0 nmethod 1153 0x00007f6130746790 code [0x00007f6130746920, 0x00007f61307469f8]
Event: 37,500 Thread 0x00007f6140127ab0 1154       4       jdk.internal.misc.Unsafe::weakCompareAndSetLong (11 bytes)
Event: 37,500 Thread 0x00007f6140127ab0 nmethod 1154 0x00007f6130746a90 code [0x00007f6130746c00, 0x00007f6130746c98]
Event: 37,500 Thread 0x00007f6140127ab0 1155       4       java.util.concurrent.atomic.AtomicLong::decrementAndGet (16 bytes)
Event: 37,501 Thread 0x00007f6140127ab0 nmethod 1155 0x00007f6130746d90 code [0x00007f6130746f00, 0x00007f6130746f98]
Event: 77,846 Thread 0x00007f6140127ab0 1156   !   4       jdk.internal.ref.Cleaner::clean (35 bytes)
Event: 77,855 Thread 0x00007f6140127ab0 nmethod 1156 0x00007f6130747090 code [0x00007f6130747240, 0x00007f61307478e8]
Event: 77,856 Thread 0x00007f6140127ab0 1157  s    4       jdk.internal.ref.Cleaner::remove (89 bytes)
Event: 77,862 Thread 0x00007f6140127ab0 nmethod 1157 0x00007f6130747b10 code [0x00007f6130747ca0, 0x00007f6130748218]
Event: 77,862 Thread 0x00007f6140127ab0 1158       4       java.nio.DirectByteBuffer$Deallocator::run (38 bytes)
Event: 77,863 Thread 0x00007f6140127ab0 nmethod 1158 0x00007f6130748310 code [0x00007f61307484a0, 0x00007f61307485c8]
Event: 77,864 Thread 0x00007f6140127ab0 1159       4       java.nio.Bits::unreserveMemory (64 bytes)
Event: 77,864 Thread 0x00007f6140127ab0 nmethod 1159 0x00007f6130748710 code [0x00007f61307488a0, 0x00007f6130748938]

GC Heap History (8 events):
Event: 4,839 GC heap before
{Heap before GC invocations=0 (full 0):
 garbage-first heap   total 188416K, used 12256K [0x000000074d800000, 0x0000000800000000)
  region size 2048K, 6 young (12288K), 0 survivors (0K)
 Metaspace       used 4656K, committed 4864K, reserved 1114112K
  class space    used 409K, committed 512K, reserved 1048576K
}
Event: 4,845 GC heap after
{Heap after GC invocations=1 (full 0):
 garbage-first heap   total 188416K, used 4304K [0x000000074d800000, 0x0000000800000000)
  region size 2048K, 1 young (2048K), 1 survivors (2048K)
 Metaspace       used 4656K, committed 4864K, reserved 1114112K
  class space    used 409K, committed 512K, reserved 1048576K
}
Event: 24,532 GC heap before
{Heap before GC invocations=1 (full 0):
 garbage-first heap   total 188416K, used 30928K [0x000000074d800000, 0x0000000800000000)
  region size 2048K, 10 young (20480K), 1 survivors (2048K)
 Metaspace       used 6585K, committed 6720K, reserved 1114112K
  class space    used 590K, committed 640K, reserved 1048576K
}
Event: 24,540 GC heap after
{Heap after GC invocations=2 (full 0):
 garbage-first heap   total 188416K, used 6352K [0x000000074d800000, 0x0000000800000000)
  region size 2048K, 2 young (4096K), 2 survivors (4096K)
 Metaspace       used 6585K, committed 6720K, reserved 1114112K
  class space    used 590K, committed 640K, reserved 1048576K
}
Event: 37,490 GC heap before
{Heap before GC invocations=2 (full 0):
 garbage-first heap   total 188416K, used 45264K [0x000000074d800000, 0x0000000800000000)
  region size 2048K, 21 young (43008K), 2 survivors (4096K)
 Metaspace       used 6607K, committed 6784K, reserved 1114112K
  class space    used 590K, committed 640K, reserved 1048576K
}
Event: 37,498 GC heap after
{Heap after GC invocations=3 (full 0):
 garbage-first heap   total 188416K, used 7076K [0x000000074d800000, 0x0000000800000000)
  region size 2048K, 2 young (4096K), 2 survivors (4096K)
 Metaspace       used 6607K, committed 6784K, reserved 1114112K
  class space    used 590K, committed 640K, reserved 1048576K
}
Event: 77,833 GC heap before
{Heap before GC invocations=3 (full 0):
 garbage-first heap   total 188416K, used 113572K [0x000000074d800000, 0x0000000800000000)
  region size 2048K, 54 young (110592K), 2 survivors (4096K)
 Metaspace       used 6608K, committed 6784K, reserved 1114112K
  class space    used 590K, committed 640K, reserved 1048576K
}
Event: 77,845 GC heap after
{Heap after GC invocations=4 (full 0):
 garbage-first heap   total 188416K, used 10601K [0x000000074d800000, 0x0000000800000000)
  region size 2048K, 4 young (8192K), 4 survivors (8192K)
 Metaspace       used 6608K, committed 6784K, reserved 1114112K
  class space    used 590K, committed 640K, reserved 1048576K
}

Dll operation events (12 events):
Event: 0,003 Loaded shared library /usr/lib/jvm/zulu-19-amd64/lib/libjava.so
Event: 0,020 Loaded shared library /usr/lib/jvm/zulu-19-amd64/lib/libjsvml.so
Event: 0,308 Loaded shared library /usr/lib/jvm/zulu-19-amd64/lib/libnio.so
Event: 0,318 Loaded shared library /usr/lib/jvm/zulu-19-amd64/lib/libzip.so
Event: 0,395 Loaded shared library /usr/lib/jvm/zulu-19-amd64/lib/libjimage.so
Event: 0,469 Loaded shared library /usr/lib/jvm/zulu-19-amd64/lib/libnet.so
Event: 1,030 Loaded shared library /tmp/opencv_openpnp2511371170909631001/nu/pattern/opencv/linux/x86_64/libopencv_java470.so
Event: 1,072 Loaded shared library /usr/lib/jvm/zulu-19-amd64/lib/libverify.so
Event: 1,178 Loaded shared library /usr/lib/jvm/zulu-19-amd64/lib/libextnet.so
Event: 4,463 Loaded shared library /tmp/onnxruntime-java3329958374467733190/libonnxruntime.so
Event: 4,465 Loaded shared library /tmp/onnxruntime-java3329958374467733190/libonnxruntime4j_jni.so
Event: 4,559 Loaded shared library /home/agustin/.cache/JNA/temp/jna11508010422787855291.tmp

Deoptimization events (20 events):
Event: 4,893 Thread 0x00007f6140028890 DEOPT PACKING pc=0x00007f61307124b8 sp=0x00007f61453fc170
Event: 4,893 Thread 0x00007f6140028890 DEOPT UNPACKING pc=0x00007f613019d299 sp=0x00007f61453fc108 mode 2
Event: 4,940 Thread 0x00007f6140028890 DEOPT PACKING pc=0x00007f6128d7f4f1 sp=0x00007f61453fcbb0
Event: 4,940 Thread 0x00007f6140028890 DEOPT UNPACKING pc=0x00007f613019da2f sp=0x00007f61453fc0b0 mode 0
Event: 5,095 Thread 0x00007f6140028890 Uncommon trap: trap_request=0xffffff45 fr.pc=0x00007f6130714fc0 relative=0x0000000000000180
Event: 5,095 Thread 0x00007f6140028890 Uncommon trap: reason=unstable_if action=reinterpret pc=0x00007f6130714fc0 method=jdk.internal.org.objectweb.asm.MethodWriter.visitInsn(I)V @ 32 c2
Event: 5,095 Thread 0x00007f6140028890 DEOPT PACKING pc=0x00007f6130714fc0 sp=0x00007f61453fcc80
Event: 5,095 Thread 0x00007f6140028890 DEOPT UNPACKING pc=0x00007f613019d299 sp=0x00007f61453fcc50 mode 2
Event: 5,101 Thread 0x00007f6140028890 Uncommon trap: trap_request=0xffffffde fr.pc=0x00007f61306e00a8 relative=0x0000000000000088
Event: 5,101 Thread 0x00007f6140028890 Uncommon trap: reason=class_check action=maybe_recompile pc=0x00007f61306e00a8 method=java.io.FilterInputStream.read([BII)I @ 7 c2
Event: 5,101 Thread 0x00007f6140028890 DEOPT PACKING pc=0x00007f61306e00a8 sp=0x00007f61453fcdf0
Event: 5,101 Thread 0x00007f6140028890 DEOPT UNPACKING pc=0x00007f613019d299 sp=0x00007f61453fcdb8 mode 2
Event: 5,722 Thread 0x00007f6140028890 Uncommon trap: trap_request=0xffffffde fr.pc=0x00007f61306e00a8 relative=0x0000000000000088
Event: 5,722 Thread 0x00007f6140028890 Uncommon trap: reason=class_check action=maybe_recompile pc=0x00007f61306e00a8 method=java.io.FilterInputStream.read([BII)I @ 7 c2
Event: 5,722 Thread 0x00007f6140028890 DEOPT PACKING pc=0x00007f61306e00a8 sp=0x00007f61453fe2c0
Event: 5,722 Thread 0x00007f6140028890 DEOPT UNPACKING pc=0x00007f613019d299 sp=0x00007f61453fe288 mode 2
Event: 5,789 Thread 0x00007f6140028890 Uncommon trap: trap_request=0xffffff45 fr.pc=0x00007f613072ee98 relative=0x0000000000000378
Event: 5,789 Thread 0x00007f6140028890 Uncommon trap: reason=unstable_if action=reinterpret pc=0x00007f613072ee98 method=com.sun.jna.Function.isPrimitiveArray(Ljava/lang/Class;)Z @ 14 c2
Event: 5,789 Thread 0x00007f6140028890 DEOPT PACKING pc=0x00007f613072ee98 sp=0x00007f61453fdc60
Event: 5,789 Thread 0x00007f6140028890 DEOPT UNPACKING pc=0x00007f613019d299 sp=0x00007f61453fdc28 mode 2

Classes loaded (20 events):
Event: 7,483 Loading class sun/nio/ch/ChannelInputStream
Event: 7,484 Loading class sun/nio/ch/ChannelInputStream done
Event: 9,321 Loading class java/util/regex/Pattern$1
Event: 9,321 Loading class java/util/regex/Pattern$1 done
Event: 9,339 Loading class java/util/stream/MatchOps$1MatchSink
Event: 9,339 Loading class java/util/stream/MatchOps$1MatchSink done
Event: 9,342 Loading class java/util/stream/ReferencePipeline$4
Event: 9,342 Loading class java/util/stream/ReferencePipeline$4 done
Event: 9,344 Loading class java/util/stream/Nodes$IntFixedNodeBuilder
Event: 9,344 Loading class java/util/stream/Node$Builder$OfInt
Event: 9,344 Loading class java/util/stream/Node$Builder$OfInt done
Event: 9,344 Loading class java/util/stream/Nodes$IntArrayNode
Event: 9,344 Loading class java/util/stream/Nodes$IntArrayNode done
Event: 9,344 Loading class java/util/stream/Nodes$IntFixedNodeBuilder done
Event: 9,344 Loading class java/util/stream/ReferencePipeline$4$1
Event: 9,344 Loading class java/util/stream/ReferencePipeline$4$1 done
Event: 9,349 Loading class java/util/stream/ReferencePipeline$5
Event: 9,349 Loading class java/util/stream/ReferencePipeline$5 done
Event: 9,350 Loading class java/util/stream/ReferencePipeline$5$1
Event: 9,350 Loading class java/util/stream/ReferencePipeline$5$1 done

Classes unloaded (0 events):
No events

Classes redefined (0 events):
No events

Internal exceptions (20 events):
Event: 4,518 Thread 0x00007f6140028890 Exception <a 'java/lang/NoSuchMethodError'{0x000000075879ea50}: 'java.lang.Object java.lang.invoke.DirectMethodHandle$Holder.newInvokeSpecial(java.lang.Object, java.lang.Object, int)'> (0x000000075879ea50) 
thrown [src/hotspot/share/interpreter/linkResolver.cpp, line 773]
Event: 4,534 Thread 0x00007f6140028890 Exception <a 'java/lang/NoSuchMethodError'{0x00000007587fd478}: 'void java.lang.invoke.DirectMethodHandle$Holder.invokeStaticInit(java.lang.Object, java.lang.Object)'> (0x00000007587fd478) 
thrown [src/hotspot/share/interpreter/linkResolver.cpp, line 773]
Event: 4,591 Thread 0x00007f6140028890 Exception <a 'java/lang/NoSuchMethodError'{0x00000007584e2b90}: 'java.lang.Object java.lang.invoke.DirectMethodHandle$Holder.invokeStaticInit(java.lang.Object)'> (0x00000007584e2b90) 
thrown [src/hotspot/share/interpreter/linkResolver.cpp, line 773]
Event: 4,593 Thread 0x00007f6140028890 Exception <a 'java/lang/NoSuchMethodError'{0x00000007584e9008}: 'java.lang.Object java.lang.invoke.DirectMethodHandle$Holder.invokeStatic(java.lang.Object, long, java.lang.Object)'> (0x00000007584e9008) 
thrown [src/hotspot/share/interpreter/linkResolver.cpp, line 773]
Event: 4,594 Thread 0x00007f6140028890 Exception <a 'java/lang/NoSuchMethodError'{0x00000007584eca38}: 'java.lang.Object java.lang.invoke.DirectMethodHandle$Holder.invokeStaticInit(java.lang.Object, long, java.lang.Object)'> (0x00000007584eca38) 
thrown [src/hotspot/share/interpreter/linkResolver.cpp, line 773]
Event: 4,595 Thread 0x00007f6140028890 Exception <a 'java/lang/NoSuchMethodError'{0x00000007584f2bd0}: 'java.lang.Object java.lang.invoke.DirectMethodHandle$Holder.newInvokeSpecial(java.lang.Object, long)'> (0x00000007584f2bd0) 
thrown [src/hotspot/share/interpreter/linkResolver.cpp, line 773]
Event: 4,600 Thread 0x00007f6140028890 Exception <a 'java/lang/NoSuchMethodError'{0x00000007584fc7b0}: 'java.lang.Object java.lang.invoke.DirectMethodHandle$Holder.newInvokeSpecial(java.lang.Object, java.lang.Object, java.lang.Object, int)'> (0x00000007584fc7b0) 
thrown [src/hotspot/share/interpreter/linkResolver.cpp, line 773]
Event: 4,602 Thread 0x00007f6140028890 Exception <a 'java/lang/NoSuchMethodError'{0x0000000758500ba8}: 'java.lang.Object java.lang.invoke.DirectMethodHandle$Holder.invokeSpecial(java.lang.Object, java.lang.Object, java.lang.Object, java.lang.Object, int)'> (0x0000000758500ba8) 
thrown [src/hotspot/share/interpreter/linkResolver.cpp, line 773]
Event: 4,602 Thread 0x00007f6140028890 Exception <a 'java/lang/NoSuchMethodError'{0x0000000758504780}: 'java.lang.Object java.lang.invoke.Invokers$Holder.linkToTargetMethod(java.lang.Object, java.lang.Object, int, java.lang.Object)'> (0x0000000758504780) 
thrown [src/hotspot/share/interpreter/linkResolver.cpp, line 773]
Event: 4,628 Thread 0x00007f6140028890 Exception <a 'java/lang/UnsatisfiedLinkError'{0x00000007585b36f8}: libcudart.so: no se puede abrir el archivo del objeto compartido: No existe el archivo o el directorio> (0x00000007585b36f8) 
thrown [src/hotspot/share/prims/jni.cpp, line 536]
Event: 4,629 Thread 0x00007f6140028890 Exception <a 'java/lang/UnsatisfiedLinkError'{0x00000007585b4f18}: libcudart.so: no se puede abrir el archivo del objeto compartido: No existe el archivo o el directorio> (0x00000007585b4f18) 
thrown [src/hotspot/share/prims/jni.cpp, line 536]
Event: 4,650 Thread 0x00007f6140028890 Exception <a 'java/lang/NoSuchMethodError'{0x00000007583df490}: 'void java.lang.invoke.DirectMethodHandle$Holder.invokeSpecial(java.lang.Object, java.lang.Object, java.lang.Object)'> (0x00000007583df490) 
thrown [src/hotspot/share/interpreter/linkResolver.cpp, line 773]
Event: 4,890 Thread 0x00007f6140028890 Exception <a 'java/lang/NoSuchMethodError'{0x0000000758adbef0}: 'int java.lang.invoke.DirectMethodHandle$Holder.invokeSpecial(java.lang.Object, java.lang.Object, java.lang.Object)'> (0x0000000758adbef0) 
thrown [src/hotspot/share/interpreter/linkResolver.cpp, line 773]
Event: 5,078 Thread 0x00007f6140028890 Exception <a 'java/lang/NoSuchMethodError'{0x00000007584a7078}: 'void java.lang.invoke.DelegatingMethodHandle$Holder.reinvoke_L(java.lang.Object, java.lang.Object, int)'> (0x00000007584a7078) 
thrown [src/hotspot/share/interpreter/linkResolver.cpp, line 773]
Event: 5,080 Thread 0x00007f6140028890 Exception <a 'java/lang/NoSuchMethodError'{0x00000007584adea0}: 'int java.lang.invoke.Invokers$Holder.invokeExact_MT(java.lang.Object, java.lang.Object, java.lang.Object)'> (0x00000007584adea0) 
thrown [src/hotspot/share/interpreter/linkResolver.cpp, line 773]
Event: 5,084 Thread 0x00007f6140028890 Exception <a 'java/lang/NoSuchMethodError'{0x00000007584b61a8}: 'void java.lang.invoke.Invokers$Holder.invokeExact_MT(java.lang.Object, java.lang.Object, java.lang.Object, java.lang.Object)'> (0x00000007584b61a8) 
thrown [src/hotspot/share/interpreter/linkResolver.cpp, line 773]
Event: 5,765 Thread 0x00007f6140028890 Exception <a 'java/lang/NoSuchMethodError'{0x00000007585f3640}: 'int java.lang.invoke.DirectMethodHandle$Holder.invokeStatic(java.lang.Object, long)'> (0x00000007585f3640) 
thrown [src/hotspot/share/interpreter/linkResolver.cpp, line 773]
Event: 7,464 Thread 0x00007f6140028890 Exception <a 'java/lang/NoSuchMethodError'{0x00000007582c9ce0}: 'void java.lang.invoke.DirectMethodHandle$Holder.invokeStatic(java.lang.Object, java.lang.Object, java.lang.Object)'> (0x00000007582c9ce0) 
thrown [src/hotspot/share/interpreter/linkResolver.cpp, line 773]
Event: 7,480 Thread 0x00007f6140028890 Exception <a 'java/lang/NoSuchMethodError'{0x00000007582dbb48}: 'java.lang.Object java.lang.invoke.DirectMethodHandle$Holder.invokeInterface(java.lang.Object, java.lang.Object)'> (0x00000007582dbb48) 
thrown [src/hotspot/share/interpreter/linkResolver.cpp, line 773]
Event: 9,345 Thread 0x00007f6140028890 Exception <a 'java/lang/NoSuchMethodError'{0x000000075832f148}: 'long java.lang.invoke.DirectMethodHandle$Holder.invokeStatic(java.lang.Object, java.lang.Object)'> (0x000000075832f148) 
thrown [src/hotspot/share/interpreter/linkResolver.cpp, line 773]

VM Operations (20 events):
Event: 15,561 Executing VM operation: get/set locals
Event: 15,561 Executing VM operation: get/set locals done
Event: 18,387 Executing VM operation: ChangeSingleStep
Event: 18,387 Executing VM operation: ChangeSingleStep done
Event: 18,391 Executing VM operation: ChangeSingleStep
Event: 18,391 Executing VM operation: ChangeSingleStep done
Event: 19,747 Executing VM operation: get/set locals
Event: 19,747 Executing VM operation: get/set locals done
Event: 24,532 Executing VM operation: G1CollectForAllocation
Event: 24,540 Executing VM operation: G1CollectForAllocation done
Event: 24,540 Executing VM operation: Cleanup
Event: 24,541 Executing VM operation: Cleanup done
Event: 25,541 Executing VM operation: Cleanup
Event: 25,541 Executing VM operation: Cleanup done
Event: 37,490 Executing VM operation: G1CollectForAllocation
Event: 37,498 Executing VM operation: G1CollectForAllocation done
Event: 65,017 Executing VM operation: ChangeBreakpoints
Event: 65,017 Executing VM operation: ChangeBreakpoints done
Event: 77,833 Executing VM operation: G1CollectForAllocation
Event: 77,845 Executing VM operation: G1CollectForAllocation done

Events (20 events):
Event: 0,295 Thread 0x00007f614014f620 Thread added: 0x00007f614014f620
Event: 0,295 Protecting memory [0x00007f6106900000,0x00007f6106904000] with protection modes 0
Event: 0,300 Thread 0x00007f6140153d10 Thread added: 0x00007f6140153d10
Event: 0,300 Protecting memory [0x00007f61066fe000,0x00007f6106702000] with protection modes 0
Event: 4,607 Thread 0x00007f61406c8940 Thread added: 0x00007f61406c8940
Event: 4,607 Protecting memory [0x00007f613fe94000,0x00007f613fe98000] with protection modes 0
Event: 4,637 Thread 0x00007f60e8099ff0 Thread added: 0x00007f60e8099ff0
Event: 4,637 Protecting memory [0x00007f61042fe000,0x00007f6104302000] with protection modes 0
Event: 4,767 Thread 0x00007f61409fd440 Thread added: 0x00007f61409fd440
Event: 4,767 Protecting memory [0x00007f61041fe000,0x00007f6104202000] with protection modes 0
Event: 4,793 Thread 0x00007f60e8099ff0 Thread exited: 0x00007f60e8099ff0
Event: 4,833 Thread 0x00007f60e80a21f0 Thread added: 0x00007f60e80a21f0
Event: 4,833 Protecting memory [0x00007f61042fe000,0x00007f6104302000] with protection modes 0
Event: 5,720 Thread 0x00007f60e80a21f0 Thread exited: 0x00007f60e80a21f0
Event: 14,732 Protecting memory [0x00007f6146cf3000,0x00007f6146cf4000] with protection modes 1
Event: 24,550 Thread 0x00007f60e80db2c0 Thread added: 0x00007f60e80db2c0
Event: 24,551 Protecting memory [0x00007f61042fe000,0x00007f6104302000] with protection modes 0
Event: 29,575 Thread 0x00007f60e80db2c0 Thread exited: 0x00007f60e80db2c0
Event: 64,627 Thread 0x00007f61406c8940 Thread exited: 0x00007f61406c8940
Event: 94,696 Thread 0x00007f60e0001150 Thread exited: 0x00007f60e0001150


Dynamic libraries:
74d800000-758c00000 rw-p 00000000 00:00 0 
758c00000-7ffc00000 ---p 00000000 00:00 0 
7ffc00000-7ffd00000 rw-p 00000000 00:00 0 
7ffd00000-7ffd77000 rw-p 00d0a000 08:14 2639890                          /usr/lib/jvm/zulu-19-amd64/lib/server/classes.jsa
7ffd77000-7ffe00000 rw-p 00000000 00:00 0 
7ffe00000-7ffe81000 rw-p 00c89000 08:14 2639890                          /usr/lib/jvm/zulu-19-amd64/lib/server/classes.jsa
7ffe81000-800000000 rw-p 00000000 00:00 0 
800000000-800c4f000 rw-p 00001000 08:14 2639890                          /usr/lib/jvm/zulu-19-amd64/lib/server/classes.jsa
800c4f000-801000000 ---p 00000000 00:00 0 
801000000-801040000 rw-p 00000000 00:00 0 
801040000-8010a0000 rw-p 00000000 00:00 0 
8010a0000-841000000 ---p 00000000 00:00 0 
564012d9a000-564012d9b000 r-xp 00000000 08:14 2639939                    /usr/lib/jvm/zulu-19-amd64/bin/java
564012d9c000-564012d9d000 r--p 00001000 08:14 2639939                    /usr/lib/jvm/zulu-19-amd64/bin/java
564012d9d000-564012d9e000 rw-p 00002000 08:14 2639939                    /usr/lib/jvm/zulu-19-amd64/bin/java
5640139ef000-564013a37000 rw-p 00000000 00:00 0                          [heap]
7f605c000000-7f605df04000 rw-p 00000000 00:00 0 
7f605df04000-7f6060000000 ---p 00000000 00:00 0 
7f6063ffe000-7f6070000000 rw-p 00000000 00:00 0 
7f6070000000-7f607321f000 rw-p 00000000 00:00 0 
7f607321f000-7f6074000000 ---p 00000000 00:00 0 
7f6074ffa000-7f6074ffb000 ---p 00000000 00:00 0 
7f6074ffb000-7f60757fb000 rw-p 00000000 00:00 0 
7f60757fb000-7f60757fc000 ---p 00000000 00:00 0 
7f60757fc000-7f6075ffc000 rw-p 00000000 00:00 0 
7f6075ffc000-7f6075ffd000 ---p 00000000 00:00 0 
7f6075ffd000-7f60767fd000 rw-p 00000000 00:00 0 
7f60767fd000-7f60767fe000 ---p 00000000 00:00 0 
7f60767fe000-7f6076ffe000 rw-p 00000000 00:00 0 
7f6076ffe000-7f6076fff000 ---p 00000000 00:00 0 
7f6076fff000-7f60777ff000 rw-p 00000000 00:00 0 
7f60777ff000-7f6077800000 ---p 00000000 00:00 0 
7f6077800000-7f6078000000 rw-p 00000000 00:00 0 
7f6078000000-7f607bcb4000 rw-p 00000000 00:00 0 
7f607bcb4000-7f607c000000 ---p 00000000 00:00 0 
7f607c7fc000-7f607c7fd000 ---p 00000000 00:00 0 
7f607c7fd000-7f607cffd000 rw-p 00000000 00:00 0 
7f607cffd000-7f607cffe000 ---p 00000000 00:00 0 
7f607cffe000-7f607d7fe000 rw-p 00000000 00:00 0 
7f607d7fe000-7f607d7ff000 ---p 00000000 00:00 0 
7f607d7ff000-7f6080000000 rw-p 00000000 00:00 0 
7f6080000000-7f6080021000 rw-p 00000000 00:00 0 
7f6080021000-7f6084000000 ---p 00000000 00:00 0 
7f60847fa000-7f60847fb000 ---p 00000000 00:00 0 
7f60847fb000-7f6084ffb000 rw-p 00000000 00:00 0 
7f6084ffb000-7f6084ffc000 ---p 00000000 00:00 0 
7f6084ffc000-7f60857fc000 rw-p 00000000 00:00 0 
7f60857fc000-7f60857fd000 ---p 00000000 00:00 0 
7f60857fd000-7f60877ff000 rw-p 00000000 00:00 0 
7f60877ff000-7f6087800000 ---p 00000000 00:00 0 
7f6087800000-7f6088000000 rw-p 00000000 00:00 0 
7f6088000000-7f6088021000 rw-p 00000000 00:00 0 
7f6088021000-7f608c000000 ---p 00000000 00:00 0 
7f608c3fd000-7f608c3fe000 ---p 00000000 00:00 0 
7f608c3fe000-7f608cbfe000 rw-p 00000000 00:00 0 
7f608cbfe000-7f608cbff000 ---p 00000000 00:00 0 
7f608cbff000-7f608d3ff000 rw-p 00000000 00:00 0 
7f608d3ff000-7f608d400000 ---p 00000000 00:00 0 
7f608d400000-7f608dc00000 rw-p 00000000 00:00 0 
7f608dc00000-7f6095c00000 rw-p 00000000 00:00 0 
7f6095c00000-7f6095c3f000 r-xp 00000000 08:14 5269869                    /home/agustin/.djl.ai/mxnet/1.9.1-mkl-linux-x86_64/libquadmath.so.0
7f6095c3f000-7f6095e3e000 ---p 0003f000 08:14 5269869                    /home/agustin/.djl.ai/mxnet/1.9.1-mkl-linux-x86_64/libquadmath.so.0
7f6095e3e000-7f6095e3f000 r--p 0003e000 08:14 5269869                    /home/agustin/.djl.ai/mxnet/1.9.1-mkl-linux-x86_64/libquadmath.so.0
7f6095e3f000-7f6095e40000 rw-p 0003f000 08:14 5269869                    /home/agustin/.djl.ai/mxnet/1.9.1-mkl-linux-x86_64/libquadmath.so.0
7f6096000000-7f609602e000 r-xp 00000000 08:14 5269868                    /home/agustin/.djl.ai/mxnet/1.9.1-mkl-linux-x86_64/libgomp.so.1
7f609602e000-7f609622d000 ---p 0002e000 08:14 5269868                    /home/agustin/.djl.ai/mxnet/1.9.1-mkl-linux-x86_64/libgomp.so.1
7f609622d000-7f609622e000 r--p 0002d000 08:14 5269868                    /home/agustin/.djl.ai/mxnet/1.9.1-mkl-linux-x86_64/libgomp.so.1
7f609622e000-7f609622f000 rw-p 0002e000 08:14 5269868                    /home/agustin/.djl.ai/mxnet/1.9.1-mkl-linux-x86_64/libgomp.so.1
7f6096400000-7f6096524000 r-xp 00000000 08:14 5269867                    /home/agustin/.djl.ai/mxnet/1.9.1-mkl-linux-x86_64/libgfortran.so.3
7f6096524000-7f6096724000 ---p 00124000 08:14 5269867                    /home/agustin/.djl.ai/mxnet/1.9.1-mkl-linux-x86_64/libgfortran.so.3
7f6096724000-7f6096725000 r--p 00124000 08:14 5269867                    /home/agustin/.djl.ai/mxnet/1.9.1-mkl-linux-x86_64/libgfortran.so.3
7f6096725000-7f6096727000 rw-p 00125000 08:14 5269867                    /home/agustin/.djl.ai/mxnet/1.9.1-mkl-linux-x86_64/libgfortran.so.3
7f6096800000-7f609fa13000 r-xp 00000000 08:14 5269871                    /home/agustin/.djl.ai/mxnet/1.9.1-mkl-linux-x86_64/libmxnet.so
7f609fa13000-7f609fc13000 ---p 09213000 08:14 5269871                    /home/agustin/.djl.ai/mxnet/1.9.1-mkl-linux-x86_64/libmxnet.so
7f609fc13000-7f609fce7000 r--p 09213000 08:14 5269871                    /home/agustin/.djl.ai/mxnet/1.9.1-mkl-linux-x86_64/libmxnet.so
7f609fce7000-7f609fd1f000 rw-p 092e7000 08:14 5269871                    /home/agustin/.djl.ai/mxnet/1.9.1-mkl-linux-x86_64/libmxnet.so
7f609fd1f000-7f609fe6e000 rw-p 00000000 00:00 0 
7f60a0000000-7f60a0021000 rw-p 00000000 00:00 0 
7f60a0021000-7f60a4000000 ---p 00000000 00:00 0 
7f60a4000000-7f60a4413000 rw-p 00000000 00:00 0 
7f60a4413000-7f60a8000000 ---p 00000000 00:00 0 
7f60a8000000-7f60a8021000 rw-p 00000000 00:00 0 
7f60a8021000-7f60ac000000 ---p 00000000 00:00 0 
7f60ac000000-7f60ac021000 rw-p 00000000 00:00 0 
7f60ac021000-7f60b0000000 ---p 00000000 00:00 0 
7f60b0000000-7f60b0021000 rw-p 00000000 00:00 0 
7f60b0021000-7f60b4000000 ---p 00000000 00:00 0 
7f60b4000000-7f60b4021000 rw-p 00000000 00:00 0 
7f60b4021000-7f60b8000000 ---p 00000000 00:00 0 
7f60b8000000-7f60b8021000 rw-p 00000000 00:00 0 
7f60b8021000-7f60bc000000 ---p 00000000 00:00 0 
7f60bc200000-7f60bdcf6000 r-xp 00000000 08:14 5269870                    /home/agustin/.djl.ai/mxnet/1.9.1-mkl-linux-x86_64/libopenblas.so.0
7f60bdcf6000-7f60bdef5000 ---p 01af6000 08:14 5269870                    /home/agustin/.djl.ai/mxnet/1.9.1-mkl-linux-x86_64/libopenblas.so.0
7f60bdef5000-7f60bdefb000 r--p 01af5000 08:14 5269870                    /home/agustin/.djl.ai/mxnet/1.9.1-mkl-linux-x86_64/libopenblas.so.0
7f60bdefb000-7f60bdf0f000 rw-p 01afb000 08:14 5269870                    /home/agustin/.djl.ai/mxnet/1.9.1-mkl-linux-x86_64/libopenblas.so.0
7f60bdf0f000-7f60bdf17000 rw-p 00000000 00:00 0 
7f60bdf17000-7f60bdf5e000 rw-p 01be0000 08:14 5269870                    /home/agustin/.djl.ai/mxnet/1.9.1-mkl-linux-x86_64/libopenblas.so.0
7f60bdffc000-7f60bdffd000 ---p 00000000 00:00 0 
7f60bdffd000-7f60be7fd000 rw-p 00000000 00:00 0 
7f60be7fd000-7f60be7fe000 ---p 00000000 00:00 0 
7f60be7fe000-7f60beffe000 rw-p 00000000 00:00 0 
7f60beffe000-7f60befff000 ---p 00000000 00:00 0 
7f60befff000-7f60bf7ff000 rw-p 00000000 00:00 0 
7f60bf7ff000-7f60bf800000 ---p 00000000 00:00 0 
7f60bf800000-7f60c0000000 rw-p 00000000 00:00 0 
7f60c0000000-7f60c0021000 rw-p 00000000 00:00 0 
7f60c0021000-7f60c4000000 ---p 00000000 00:00 0 
7f60c4000000-7f60c4021000 rw-p 00000000 00:00 0 
7f60c4021000-7f60c8000000 ---p 00000000 00:00 0 
7f60c80fe000-7f60c80ff000 ---p 00000000 00:00 0 
7f60c80ff000-7f60c8200000 rw-p 00000000 00:00 0 
7f60c8200000-7f60c821e000 r-xp 00000000 08:14 5123729                    /home/agustin/.cache/JNA/temp/jna11508010422787855291.tmp (deleted)
7f60c821e000-7f60c841d000 ---p 0001e000 08:14 5123729                    /home/agustin/.cache/JNA/temp/jna11508010422787855291.tmp (deleted)
7f60c841d000-7f60c841e000 rw-p 0001d000 08:14 5123729                    /home/agustin/.cache/JNA/temp/jna11508010422787855291.tmp (deleted)
7f60c841e000-7f60c841f000 rw-p 00000000 00:00 0 
7f60c84fe000-7f60c84ff000 ---p 00000000 00:00 0 
7f60c84ff000-7f60c8600000 rw-p 00000000 00:00 0 
7f60c8600000-7f60cbbfb000 r-xp 00000000 08:14 7209120                    /tmp/opencv_openpnp2511371170909631001/nu/pattern/opencv/linux/x86_64/libopencv_java470.so
7f60cbbfb000-7f60cbdfb000 ---p 035fb000 08:14 7209120                    /tmp/opencv_openpnp2511371170909631001/nu/pattern/opencv/linux/x86_64/libopencv_java470.so
7f60cbdfb000-7f60cbe72000 r--p 035fb000 08:14 7209120                    /tmp/opencv_openpnp2511371170909631001/nu/pattern/opencv/linux/x86_64/libopencv_java470.so
7f60cbe72000-7f60cbec0000 rw-p 03672000 08:14 7209120                    /tmp/opencv_openpnp2511371170909631001/nu/pattern/opencv/linux/x86_64/libopencv_java470.so
7f60cbec0000-7f60cbfd2000 rw-p 00000000 00:00 0 
7f60cc000000-7f60cc021000 rw-p 00000000 00:00 0 
7f60cc021000-7f60d0000000 ---p 00000000 00:00 0 
7f60d0000000-7f60d4000000 rw-p 00000000 00:00 0 
7f60d4000000-7f60d402f000 rw-p 00000000 00:00 0 
7f60d402f000-7f60d8000000 ---p 00000000 00:00 0 
7f60d8000000-7f60d8021000 rw-p 00000000 00:00 0 
7f60d8021000-7f60dc000000 ---p 00000000 00:00 0 
7f60dc000000-7f60dc126000 rw-p 00000000 00:00 0 
7f60dc126000-7f60e0000000 ---p 00000000 00:00 0 
7f60e0000000-7f60e0029000 rw-p 00000000 00:00 0 
7f60e0029000-7f60e4000000 ---p 00000000 00:00 0 
7f60e4000000-7f60e494f000 rw-p 00000000 00:00 0 
7f60e494f000-7f60e8000000 ---p 00000000 00:00 0 
7f60e8000000-7f60e8340000 rw-p 00000000 00:00 0 
7f60e8340000-7f60ec000000 ---p 00000000 00:00 0 
7f60ec000000-7f60ec021000 rw-p 00000000 00:00 0 
7f60ec021000-7f60f0000000 ---p 00000000 00:00 0 
7f60f0000000-7f60f0021000 rw-p 00000000 00:00 0 
7f60f0021000-7f60f4000000 ---p 00000000 00:00 0 
7f60f4000000-7f60f4021000 rw-p 00000000 00:00 0 
7f60f4021000-7f60f8000000 ---p 00000000 00:00 0 
7f60f8000000-7f60f8021000 rw-p 00000000 00:00 0 
7f60f8021000-7f60fc000000 ---p 00000000 00:00 0 
7f60fc000000-7f60fc021000 rw-p 00000000 00:00 0 
7f60fc021000-7f6100000000 ---p 00000000 00:00 0 
7f6100000000-7f6100021000 rw-p 00000000 00:00 0 
7f6100021000-7f6104000000 ---p 00000000 00:00 0 
7f61040fc000-7f61040fd000 ---p 00000000 00:00 0 
7f61040fd000-7f61041fe000 rw-p 00000000 00:00 0 
7f61041fe000-7f6104202000 ---p 00000000 00:00 0 
7f6104202000-7f61042fe000 rw-p 00000000 00:00 0 
7f61042fe000-7f6104302000 ---p 00000000 00:00 0 
7f6104302000-7f61043fe000 rw-p 00000000 00:00 0 
7f61043fe000-7f61043ff000 ---p 00000000 00:00 0 
7f61043ff000-7f6104bff000 rw-p 00000000 00:00 0 
7f6104bff000-7f6104c00000 ---p 00000000 00:00 0 
7f6104c00000-7f6105400000 rw-p 00000000 00:00 0 
7f6105400000-7f6105469000 r--p 00000000 08:14 7209127                    /tmp/onnxruntime-java3329958374467733190/libonnxruntime.so
7f6105469000-7f61060cc000 r-xp 00069000 08:14 7209127                    /tmp/onnxruntime-java3329958374467733190/libonnxruntime.so
7f61060cc000-7f6106368000 r--p 00ccc000 08:14 7209127                    /tmp/onnxruntime-java3329958374467733190/libonnxruntime.so
7f6106368000-7f610638e000 r--p 00f67000 08:14 7209127                    /tmp/onnxruntime-java3329958374467733190/libonnxruntime.so
7f610638e000-7f610638f000 rw-p 00f8d000 08:14 7209127                    /tmp/onnxruntime-java3329958374467733190/libonnxruntime.so
7f610638f000-7f6106394000 rw-p 00000000 00:00 0 
7f6106400000-7f610649a000 r--p 00000000 08:14 2491160                    /usr/lib/x86_64-linux-gnu/libstdc++.so.6.0.30
7f610649a000-7f61065aa000 r-xp 0009a000 08:14 2491160                    /usr/lib/x86_64-linux-gnu/libstdc++.so.6.0.30
7f61065aa000-7f6106619000 r--p 001aa000 08:14 2491160                    /usr/lib/x86_64-linux-gnu/libstdc++.so.6.0.30
7f6106619000-7f6106624000 r--p 00218000 08:14 2491160                    /usr/lib/x86_64-linux-gnu/libstdc++.so.6.0.30
7f6106624000-7f6106627000 rw-p 00223000 08:14 2491160                    /usr/lib/x86_64-linux-gnu/libstdc++.so.6.0.30
7f6106627000-7f610662a000 rw-p 00000000 00:00 0 
7f61066fe000-7f6106702000 ---p 00000000 00:00 0 
7f6106702000-7f61067fe000 rw-p 00000000 00:00 0 
7f61067fe000-7f61067ff000 ---p 00000000 00:00 0 
7f61067ff000-7f6106900000 rw-p 00000000 00:00 0 
7f6106900000-7f6106904000 ---p 00000000 00:00 0 
7f6106904000-7f6106a00000 rw-p 00000000 00:00 0 
7f6106a00000-7f6106a04000 ---p 00000000 00:00 0 
7f6106a04000-7f6106b00000 rw-p 00000000 00:00 0 
7f6106b00000-7f6106b04000 ---p 00000000 00:00 0 
7f6106b04000-7f6106c00000 rw-p 00000000 00:00 0 
7f6106c00000-7f6106c04000 ---p 00000000 00:00 0 
7f6106c04000-7f6106d00000 rw-p 00000000 00:00 0 
7f6106d00000-7f6106d04000 ---p 00000000 00:00 0 
7f6106d04000-7f6106e00000 rw-p 00000000 00:00 0 
7f6106e00000-7f6106e04000 ---p 00000000 00:00 0 
7f6106e04000-7f6106f00000 rw-p 00000000 00:00 0 
7f6106f00000-7f6106f04000 ---p 00000000 00:00 0 
7f6106f04000-7f6107000000 rw-p 00000000 00:00 0 
7f6107000000-7f6107004000 ---p 00000000 00:00 0 
7f6107004000-7f6107100000 rw-p 00000000 00:00 0 
7f6107100000-7f6107104000 ---p 00000000 00:00 0 
7f6107104000-7f6107200000 rw-p 00000000 00:00 0 
7f6107200000-7f6107fe7000 r--p 00000000 08:14 2495833                    /usr/lib/locale/locale-archive
7f6108000000-7f6108350000 rw-p 00000000 00:00 0 
7f6108350000-7f6108400000 ---p 00000000 00:00 0 
7f6108400000-7f61086b0000 rw-p 00000000 00:00 0 
7f61086b0000-7f610c000000 ---p 00000000 00:00 0 
7f610c000000-7f610c021000 rw-p 00000000 00:00 0 
7f610c021000-7f6110000000 ---p 00000000 00:00 0 
7f6110000000-7f6110021000 rw-p 00000000 00:00 0 
7f6110021000-7f6114000000 ---p 00000000 00:00 0 
7f6114000000-7f6114021000 rw-p 00000000 00:00 0 
7f6114021000-7f6118000000 ---p 00000000 00:00 0 
7f6118000000-7f6118021000 rw-p 00000000 00:00 0 
7f6118021000-7f611c000000 ---p 00000000 00:00 0 
7f611c000000-7f611c021000 rw-p 00000000 00:00 0 
7f611c021000-7f6120000000 ---p 00000000 00:00 0 
7f61200cc000-7f61200d0000 ---p 00000000 00:00 0 
7f61200d0000-7f61201cc000 rw-p 00000000 00:00 0 
7f61201cc000-7f61201d0000 ---p 00000000 00:00 0 
7f61201d0000-7f61202cc000 rw-p 00000000 00:00 0 
7f61202cc000-7f61202d0000 ---p 00000000 00:00 0 
7f61202d0000-7f61203cc000 rw-p 00000000 00:00 0 
7f61203cc000-7f61203cd000 ---p 00000000 00:00 0 
7f61203cd000-7f61204ce000 rw-p 00000000 00:00 0 
7f61204ce000-7f612059c000 r-xp 00000000 08:14 2639931                    /usr/lib/jvm/zulu-19-amd64/lib/libjsvml.so
7f612059c000-7f612059d000 r--p 000cd000 08:14 2639931                    /usr/lib/jvm/zulu-19-amd64/lib/libjsvml.so
7f612059d000-7f612059e000 rw-p 000ce000 08:14 2639931                    /usr/lib/jvm/zulu-19-amd64/lib/libjsvml.so
7f61205a1000-7f6120622000 rw-p 00000000 00:00 0 
7f6120622000-7f6120623000 ---p 00000000 00:00 0 
7f6120623000-7f6120724000 rw-p 00000000 00:00 0 
7f6120724000-7f6120725000 ---p 00000000 00:00 0 
7f6120725000-7f6122c2a000 rw-p 00000000 00:00 0 
7f6122c2a000-7f6122c2b000 ---p 00000000 00:00 0 
7f6122c2b000-7f6122ffc000 rw-p 00000000 00:00 0 
7f6122ffc000-7f61259bc000 ---p 00000000 00:00 0 
7f61259bc000-7f6125c9c000 rw-p 00000000 00:00 0 
7f6125c9c000-7f612865c000 ---p 00000000 00:00 0 
7f612865c000-7f61286c6000 rw-p 00000000 00:00 0 
7f61286c6000-7f6128bfe000 ---p 00000000 00:00 0 
7f6128bfe000-7f6128c00000 rw-p 00000000 00:00 0 
7f6128c00000-7f6128e70000 rwxp 00000000 00:00 0 
7f6128e70000-7f6130137000 ---p 00000000 00:00 0 
7f6130137000-7f61303a7000 rwxp 00000000 00:00 0 
7f61303a7000-7f61306c8000 ---p 00000000 00:00 0 
7f61306c8000-7f6130938000 rwxp 00000000 00:00 0 
7f6130938000-7f6137c00000 ---p 00000000 00:00 0 
7f6137c00000-7f613fe80000 r--s 00000000 08:14 2639898                    /usr/lib/jvm/zulu-19-amd64/lib/modules
7f613fe94000-7f613fe98000 ---p 00000000 00:00 0 
7f613fe98000-7f613feb6000 rw-p 00000000 00:00 0 
7f613feb6000-7f613fed8000 r--p 00000000 08:14 3942216                    /usr/share/locale-langpack/es/LC_MESSAGES/libc.mo
7f613fede000-7f613fee1000 r--p 00000000 08:14 2491164                    /usr/lib/x86_64-linux-gnu/libgcc_s.so.1
7f613fee1000-7f613fef8000 r-xp 00003000 08:14 2491164                    /usr/lib/x86_64-linux-gnu/libgcc_s.so.1
7f613fef8000-7f613fefc000 r--p 0001a000 08:14 2491164                    /usr/lib/x86_64-linux-gnu/libgcc_s.so.1
7f613fefc000-7f613fefd000 r--p 0001d000 08:14 2491164                    /usr/lib/x86_64-linux-gnu/libgcc_s.so.1
7f613fefd000-7f613fefe000 rw-p 0001e000 08:14 2491164                    /usr/lib/x86_64-linux-gnu/libgcc_s.so.1
7f613fefe000-7f613feff000 ---p 00000000 00:00 0 
7f613feff000-7f6140000000 rw-p 00000000 00:00 0 
7f6140000000-7f6143ef1000 rw-p 00000000 00:00 0 
7f6143ef1000-7f6144000000 ---p 00000000 00:00 0 
7f6144006000-7f614400a000 r--p 00000000 08:14 7209128                    /tmp/onnxruntime-java3329958374467733190/libonnxruntime4j_jni.so
7f614400a000-7f6144012000 r-xp 00004000 08:14 7209128                    /tmp/onnxruntime-java3329958374467733190/libonnxruntime4j_jni.so
7f6144012000-7f6144015000 r--p 0000c000 08:14 7209128                    /tmp/onnxruntime-java3329958374467733190/libonnxruntime4j_jni.so
7f6144015000-7f6144016000 ---p 0000f000 08:14 7209128                    /tmp/onnxruntime-java3329958374467733190/libonnxruntime4j_jni.so
7f6144016000-7f6144017000 r--p 0000f000 08:14 7209128                    /tmp/onnxruntime-java3329958374467733190/libonnxruntime4j_jni.so
7f6144017000-7f6144018000 rw-p 00010000 08:14 7209128                    /tmp/onnxruntime-java3329958374467733190/libonnxruntime4j_jni.so
7f614401e000-7f614402b000 r-xp 00000000 08:14 2639905                    /usr/lib/jvm/zulu-19-amd64/lib/libverify.so
7f614402b000-7f614402d000 r--p 0000c000 08:14 2639905                    /usr/lib/jvm/zulu-19-amd64/lib/libverify.so
7f614402d000-7f614402e000 rw-p 0000e000 08:14 2639905                    /usr/lib/jvm/zulu-19-amd64/lib/libverify.so
7f614402f000-7f61440fc000 rw-p 00000000 00:00 0 
7f61440fc000-7f61440fd000 ---p 00000000 00:00 0 
7f61440fd000-7f6144258000 rw-p 00000000 00:00 0 
7f6144258000-7f6144790000 ---p 00000000 00:00 0 
7f6144790000-7f61447ec000 rw-p 00000000 00:00 0 
7f61447ec000-7f6144d24000 ---p 00000000 00:00 0 
7f6144d24000-7f614512f000 rw-p 00000000 00:00 0 
7f614512f000-7f6145215000 ---p 00000000 00:00 0 
7f6145215000-7f614521a000 rw-p 00000000 00:00 0 
7f614521a000-7f6145300000 ---p 00000000 00:00 0 
7f6145300000-7f6145304000 ---p 00000000 00:00 0 
7f6145304000-7f6145400000 rw-p 00000000 00:00 0 
7f6145400000-7f61466f0000 r-xp 00000000 08:14 2639891                    /usr/lib/jvm/zulu-19-amd64/lib/server/libjvm.so
7f61466f0000-7f61466f1000 ---p 012f0000 08:14 2639891                    /usr/lib/jvm/zulu-19-amd64/lib/server/libjvm.so
7f61466f1000-7f61467be000 r--p 012f0000 08:14 2639891                    /usr/lib/jvm/zulu-19-amd64/lib/server/libjvm.so
7f61467be000-7f61467f4000 rw-p 013bd000 08:14 2639891                    /usr/lib/jvm/zulu-19-amd64/lib/server/libjvm.so
7f61467f4000-7f6146850000 rw-p 00000000 00:00 0 
7f614685e000-7f6146860000 r-xp 00000000 08:14 2639892                    /usr/lib/jvm/zulu-19-amd64/lib/libextnet.so
7f6146860000-7f6146861000 ---p 00002000 08:14 2639892                    /usr/lib/jvm/zulu-19-amd64/lib/libextnet.so
7f6146861000-7f6146862000 r--p 00002000 08:14 2639892                    /usr/lib/jvm/zulu-19-amd64/lib/libextnet.so
7f6146862000-7f6146863000 rw-p 00003000 08:14 2639892                    /usr/lib/jvm/zulu-19-amd64/lib/libextnet.so
7f6146866000-7f614686d000 r-xp 00000000 08:14 2639879                    /usr/lib/jvm/zulu-19-amd64/lib/libzip.so
7f614686d000-7f614686e000 ---p 00007000 08:14 2639879                    /usr/lib/jvm/zulu-19-amd64/lib/libzip.so
7f614686e000-7f614686f000 r--p 00007000 08:14 2639879                    /usr/lib/jvm/zulu-19-amd64/lib/libzip.so
7f614686f000-7f6146870000 rw-p 00008000 08:14 2639879                    /usr/lib/jvm/zulu-19-amd64/lib/libzip.so
7f6146876000-7f6146884000 r-xp 00000000 08:14 2639880                    /usr/lib/jvm/zulu-19-amd64/lib/libnet.so
7f6146884000-7f6146885000 r--p 0000d000 08:14 2639880                    /usr/lib/jvm/zulu-19-amd64/lib/libnet.so
7f6146885000-7f6146886000 rw-p 0000e000 08:14 2639880                    /usr/lib/jvm/zulu-19-amd64/lib/libnet.so
7f6146886000-7f6146899000 r-xp 00000000 08:14 2639912                    /usr/lib/jvm/zulu-19-amd64/lib/libnio.so
7f6146899000-7f614689a000 r--p 00012000 08:14 2639912                    /usr/lib/jvm/zulu-19-amd64/lib/libnio.so
7f614689a000-7f614689b000 rw-p 00013000 08:14 2639912                    /usr/lib/jvm/zulu-19-amd64/lib/libnio.so
7f614689e000-7f61468ce000 rw-p 00000000 00:00 0 
7f61468ce000-7f614690e000 r-xp 00000000 08:14 2639871                    /usr/lib/jvm/zulu-19-amd64/lib/libjdwp.so
7f614690e000-7f614690f000 r--p 0003f000 08:14 2639871                    /usr/lib/jvm/zulu-19-amd64/lib/libjdwp.so
7f614690f000-7f6146910000 rw-p 00040000 08:14 2639871                    /usr/lib/jvm/zulu-19-amd64/lib/libjdwp.so
7f6146910000-7f6146911000 rw-p 00000000 00:00 0 
7f6146916000-7f6146924000 r--p 00000000 08:14 2497279                    /usr/lib/x86_64-linux-gnu/libm.so.6
7f6146924000-7f61469a0000 r-xp 0000e000 08:14 2497279                    /usr/lib/x86_64-linux-gnu/libm.so.6
7f61469a0000-7f61469fb000 r--p 0008a000 08:14 2497279                    /usr/lib/x86_64-linux-gnu/libm.so.6
7f61469fb000-7f61469fc000 r--p 000e4000 08:14 2497279                    /usr/lib/x86_64-linux-gnu/libm.so.6
7f61469fc000-7f61469fd000 rw-p 000e5000 08:14 2497279                    /usr/lib/x86_64-linux-gnu/libm.so.6
7f6146a00000-7f6146a28000 r--p 00000000 08:14 2496628                    /usr/lib/x86_64-linux-gnu/libc.so.6
7f6146a28000-7f6146bbd000 r-xp 00028000 08:14 2496628                    /usr/lib/x86_64-linux-gnu/libc.so.6
7f6146bbd000-7f6146c15000 r--p 001bd000 08:14 2496628                    /usr/lib/x86_64-linux-gnu/libc.so.6
7f6146c15000-7f6146c19000 r--p 00214000 08:14 2496628                    /usr/lib/x86_64-linux-gnu/libc.so.6
7f6146c19000-7f6146c1b000 rw-p 00218000 08:14 2496628                    /usr/lib/x86_64-linux-gnu/libc.so.6
7f6146c1b000-7f6146c28000 rw-p 00000000 00:00 0 
7f6146c2e000-7f6146c33000 r-xp 00000000 08:14 2639913                    /usr/lib/jvm/zulu-19-amd64/lib/libdt_socket.so
7f6146c33000-7f6146c34000 r--p 00004000 08:14 2639913                    /usr/lib/jvm/zulu-19-amd64/lib/libdt_socket.so
7f6146c34000-7f6146c35000 rw-p 00005000 08:14 2639913                    /usr/lib/jvm/zulu-19-amd64/lib/libdt_socket.so
7f6146c36000-7f6146c3d000 r--s 00000000 08:14 3148661                    /usr/lib/x86_64-linux-gnu/gconv/gconv-modules.cache
7f6146c3e000-7f6146c64000 r-xp 00000000 08:14 2639910                    /usr/lib/jvm/zulu-19-amd64/lib/libjava.so
7f6146c64000-7f6146c65000 r--p 00025000 08:14 2639910                    /usr/lib/jvm/zulu-19-amd64/lib/libjava.so
7f6146c65000-7f6146c66000 rw-p 00026000 08:14 2639910                    /usr/lib/jvm/zulu-19-amd64/lib/libjava.so
7f6146c66000-7f6146c67000 rw-p 00000000 00:00 0 
7f6146c6e000-7f6146c89000 r-xp 00000000 08:14 2639914                    /usr/lib/jvm/zulu-19-amd64/lib/libjimage.so
7f6146c89000-7f6146c8a000 ---p 0001b000 08:14 2639914                    /usr/lib/jvm/zulu-19-amd64/lib/libjimage.so
7f6146c8a000-7f6146c8c000 r--p 0001b000 08:14 2639914                    /usr/lib/jvm/zulu-19-amd64/lib/libjimage.so
7f6146c8c000-7f6146c8d000 rw-p 0001d000 08:14 2639914                    /usr/lib/jvm/zulu-19-amd64/lib/libjimage.so
7f6146c8e000-7f6146c8f000 r--p 00000000 08:14 2496770                    /usr/lib/x86_64-linux-gnu/libdl.so.2
7f6146c8f000-7f6146c90000 r-xp 00001000 08:14 2496770                    /usr/lib/x86_64-linux-gnu/libdl.so.2
7f6146c90000-7f6146c91000 r--p 00002000 08:14 2496770                    /usr/lib/x86_64-linux-gnu/libdl.so.2
7f6146c91000-7f6146c92000 r--p 00002000 08:14 2496770                    /usr/lib/x86_64-linux-gnu/libdl.so.2
7f6146c92000-7f6146c93000 rw-p 00003000 08:14 2496770                    /usr/lib/x86_64-linux-gnu/libdl.so.2
7f6146c96000-7f6146c97000 r--p 00000000 08:14 2497548                    /usr/lib/x86_64-linux-gnu/libpthread.so.0
7f6146c97000-7f6146c98000 r-xp 00001000 08:14 2497548                    /usr/lib/x86_64-linux-gnu/libpthread.so.0
7f6146c98000-7f6146c99000 r--p 00002000 08:14 2497548                    /usr/lib/x86_64-linux-gnu/libpthread.so.0
7f6146c99000-7f6146c9a000 r--p 00002000 08:14 2497548                    /usr/lib/x86_64-linux-gnu/libpthread.so.0
7f6146c9a000-7f6146c9b000 rw-p 00003000 08:14 2497548                    /usr/lib/x86_64-linux-gnu/libpthread.so.0
7f6146c9e000-7f6146cac000 r-xp 00000000 08:14 2639876                    /usr/lib/jvm/zulu-19-amd64/lib/libjli.so
7f6146cac000-7f6146cad000 ---p 0000e000 08:14 2639876                    /usr/lib/jvm/zulu-19-amd64/lib/libjli.so
7f6146cad000-7f6146cae000 r--p 0000e000 08:14 2639876                    /usr/lib/jvm/zulu-19-amd64/lib/libjli.so
7f6146cae000-7f6146caf000 rw-p 0000f000 08:14 2639876                    /usr/lib/jvm/zulu-19-amd64/lib/libjli.so
7f6146cb6000-7f6146cb8000 r--p 00000000 08:14 2490558                    /usr/lib/x86_64-linux-gnu/libz.so.1.2.11
7f6146cb8000-7f6146cc9000 r-xp 00002000 08:14 2490558                    /usr/lib/x86_64-linux-gnu/libz.so.1.2.11
7f6146cc9000-7f6146ccf000 r--p 00013000 08:14 2490558                    /usr/lib/x86_64-linux-gnu/libz.so.1.2.11
7f6146ccf000-7f6146cd0000 ---p 00019000 08:14 2490558                    /usr/lib/x86_64-linux-gnu/libz.so.1.2.11
7f6146cd0000-7f6146cd1000 r--p 00019000 08:14 2490558                    /usr/lib/x86_64-linux-gnu/libz.so.1.2.11
7f6146cd1000-7f6146cd2000 rw-p 0001a000 08:14 2490558                    /usr/lib/x86_64-linux-gnu/libz.so.1.2.11
7f6146cda000-7f6146cdf000 rw-p 00000000 00:00 0 
7f6146cdf000-7f6146ce6000 ---p 00000000 00:00 0 
7f6146ce6000-7f6146cee000 rw-s 00000000 08:14 7209103                    /tmp/hsperfdata_agustin/217736
7f6146cee000-7f6146cef000 r--p 00000000 08:14 2497604                    /usr/lib/x86_64-linux-gnu/librt.so.1
7f6146cef000-7f6146cf0000 r-xp 00001000 08:14 2497604                    /usr/lib/x86_64-linux-gnu/librt.so.1
7f6146cf0000-7f6146cf1000 r--p 00002000 08:14 2497604                    /usr/lib/x86_64-linux-gnu/librt.so.1
7f6146cf1000-7f6146cf2000 r--p 00002000 08:14 2497604                    /usr/lib/x86_64-linux-gnu/librt.so.1
7f6146cf2000-7f6146cf3000 rw-p 00003000 08:14 2497604                    /usr/lib/x86_64-linux-gnu/librt.so.1
7f6146cf3000-7f6146cf4000 r--p 00000000 00:00 0 
7f6146cf4000-7f6146cf5000 ---p 00000000 00:00 0 
7f6146cf5000-7f6146cf6000 r--p 00000000 00:00 0 
7f6146cf6000-7f6146cf8000 r--p 00000000 08:14 2496291                    /usr/lib/x86_64-linux-gnu/ld-linux-x86-64.so.2
7f6146cf8000-7f6146d22000 r-xp 00002000 08:14 2496291                    /usr/lib/x86_64-linux-gnu/ld-linux-x86-64.so.2
7f6146d22000-7f6146d2d000 r--p 0002c000 08:14 2496291                    /usr/lib/x86_64-linux-gnu/ld-linux-x86-64.so.2
7f6146d2d000-7f6146d2e000 ---p 00000000 00:00 0 
7f6146d2e000-7f6146d30000 r--p 00037000 08:14 2496291                    /usr/lib/x86_64-linux-gnu/ld-linux-x86-64.so.2
7f6146d30000-7f6146d32000 rw-p 00039000 08:14 2496291                    /usr/lib/x86_64-linux-gnu/ld-linux-x86-64.so.2
7f6146d32000-7f6146d38000 rw-p 00000000 00:00 0 
7ffd47c93000-7ffd47cb4000 rw-p 00000000 00:00 0                          [stack]
7ffd47cee000-7ffd47cf2000 r--p 00000000 00:00 0                          [vvar]
7ffd47cf2000-7ffd47cf4000 r-xp 00000000 00:00 0                          [vdso]
ffffffffff600000-ffffffffff601000 --xp 00000000 00:00 0                  [vsyscall]


VM Arguments:
jvm_args: -agentlib:jdwp=transport=dt_socket,server=n,address=48129 
java_command: edu.ubp.doo.djlai.Yolo8
java_class_path (initial): /home/agustin/NetBeansProjects/djlAi/target/classes:/home/agustin/.m2/repository/ai/djl/api/0.22.1/api-0.22.1.jar:/home/agustin/.m2/repository/com/google/code/gson/gson/2.10.1/gson-2.10.1.jar:/home/agustin/.m2/repository/net/java/dev/jna/jna/5.13.0/jna-5.13.0.jar:/home/agustin/.m2/repository/org/apache/commons/commons-compress/1.22/commons-compress-1.22.jar:/home/agustin/.m2/repository/org/slf4j/slf4j-api/1.7.36/slf4j-api-1.7.36.jar:/home/agustin/.m2/repository/ai/djl/model-zoo/0.22.1/model-zoo-0.22.1.jar:/home/agustin/.m2/repository/ai/djl/mxnet/mxnet-model-zoo/0.22.1/mxnet-model-zoo-0.22.1.jar:/home/agustin/.m2/repository/ai/djl/mxnet/mxnet-engine/0.22.1/mxnet-engine-0.22.1.jar:/home/agustin/.m2/repository/ai/djl/mxnet/mxnet-native-mkl/1.9.1/mxnet-native-mkl-1.9.1.jar:/home/agustin/.m2/repository/ai/djl/onnxruntime/onnxruntime-engine/0.22.1/onnxruntime-engine-0.22.1.jar:/home/agustin/.m2/repository/com/microsoft/onnxruntime/onnxruntime/1.14.0/onnxruntime-1.14.0.jar:/home/agustin/.m2/repository/ai/djl/pytorch/pytorch-engine/0.22.1/pytorch-engine-0.22.1.jar:/home/agustin/.m2/repository/ai/djl/opencv/opencv/0.22.1/opencv-0.22.1.jar:/home/agustin/.m2/repository/org/openpnp/opencv/4.7.0-0/opencv-4.7.0-0.jar:/home/agustin/.m2/repository/org/projectlombok/lombok/1.18.26/lombok-1.18.26.jar:/home/agustin/.m2/repository/org/json/json/20220320/json-20220320.jar
Launcher Type: SUN_STANDARD

[Global flags]
     intx CICompilerCount                          = 3                                         {product} {ergonomic}
     uint ConcGCThreads                            = 1                                         {product} {ergonomic}
     uint G1ConcRefinementThreads                  = 4                                         {product} {ergonomic}
   size_t G1HeapRegionSize                         = 2097152                                   {product} {ergonomic}
    uintx GCDrainStackTargetSize                   = 64                                        {product} {ergonomic}
   size_t InitialHeapSize                          = 188743680                                 {product} {ergonomic}
   size_t MarkStackSize                            = 4194304                                   {product} {ergonomic}
   size_t MaxHeapSize                              = 2994733056                                {product} {ergonomic}
   size_t MaxNewSize                               = 1795162112                                {product} {ergonomic}
   size_t MinHeapDeltaBytes                        = 2097152                                   {product} {ergonomic}
   size_t MinHeapSize                              = 8388608                                   {product} {ergonomic}
    uintx NonNMethodCodeHeapSize                   = 5832780                                {pd product} {ergonomic}
    uintx NonProfiledCodeHeapSize                  = 122912730                              {pd product} {ergonomic}
    uintx ProfiledCodeHeapSize                     = 122912730                              {pd product} {ergonomic}
    uintx ReservedCodeCacheSize                    = 251658240                              {pd product} {ergonomic}
     bool SegmentedCodeCache                       = true                                      {product} {ergonomic}
   size_t SoftMaxHeapSize                          = 2994733056                             {manageable} {ergonomic}
     bool UseCompressedClassPointers               = true                           {product lp64_product} {ergonomic}
     bool UseCompressedOops                        = true                           {product lp64_product} {ergonomic}
     bool UseG1GC                                  = true                                      {product} {ergonomic}

Logging:
Log output configuration:
 #0: stdout all=warning uptime,level,tags foldmultilines=false
 #1: stderr all=off uptime,level,tags foldmultilines=false

Environment Variables:
JAVA_HOME=/usr/lib/jvm/zulu-19-amd64
PATH=/home/agustin/.local/bin:/usr/local/sbin:/usr/local/bin:/usr/sbin:/usr/bin:/sbin:/bin:/usr/games:/usr/local/games:/snap/bin:/usr/lib/jvm/zulu-19-amd64/:/snap/bin
USERNAME=agustin
SHELL=/usr/bin/bash
DISPLAY=:1
LANG=es_AR.UTF-8

Active Locale:
LC_ALL=es_AR.UTF-8
LC_COLLATE=es_AR.UTF-8
LC_CTYPE=es_AR.UTF-8
LC_MESSAGES=es_AR.UTF-8
LC_MONETARY=es_AR.UTF-8
LC_NUMERIC=es_AR.UTF-8
LC_TIME=es_AR.UTF-8

Signal Handlers:
   SIGSEGV: crash_handler in libjvm.so, mask=11100100010111111101111111111110, flags=SA_RESTART|SA_SIGINFO
    SIGBUS: crash_handler in libjvm.so, mask=11100100010111111101111111111110, flags=SA_RESTART|SA_SIGINFO
    SIGFPE: crash_handler in libjvm.so, mask=11100100010111111101111111111110, flags=SA_RESTART|SA_SIGINFO
   SIGPIPE: javaSignalHandler in libjvm.so, mask=11100100010111111101111111111110, flags=SA_RESTART|SA_SIGINFO
   SIGXFSZ: javaSignalHandler in libjvm.so, mask=11100100010111111101111111111110, flags=SA_RESTART|SA_SIGINFO
    SIGILL: crash_handler in libjvm.so, mask=11100100010111111101111111111110, flags=SA_RESTART|SA_SIGINFO
   SIGUSR2: SR_handler in libjvm.so, mask=00100000000000000000000000000000, flags=SA_RESTART|SA_SIGINFO
    SIGHUP: UserHandler in libjvm.so, mask=11100100010111111101111111111110, flags=SA_RESTART|SA_SIGINFO
    SIGINT: SIG_IGN, mask=00000000000000000000000000000000, flags=none
   SIGTERM: UserHandler in libjvm.so, mask=11100100010111111101111111111110, flags=SA_RESTART|SA_SIGINFO
   SIGQUIT: UserHandler in libjvm.so, mask=11100100010111111101111111111110, flags=SA_RESTART|SA_SIGINFO
   SIGTRAP: crash_handler in libjvm.so, mask=11100100010111111101111111111110, flags=SA_RESTART|SA_SIGINFO


---------------  S Y S T E M  ---------------

OS:
DISTRIB_ID=Ubuntu
DISTRIB_RELEASE=22.04
DISTRIB_CODENAME=jammy
DISTRIB_DESCRIPTION="Ubuntu 22.04.2 LTS"
uname: Linux 5.19.0-46-generic #47~22.04.1-Ubuntu SMP PREEMPT_DYNAMIC Wed Jun 21 15:35:31 UTC 2 x86_64
OS uptime: 0 days 8:16 hours
libc: glibc 2.35 NPTL 2.35 
rlimit (soft/hard): STACK 8192k/infinity , CORE 0k/infinity , NPROC 45364/45364 , NOFILE 1048576/1048576 , AS infinity/infinity , CPU infinity/infinity , DATA infinity/infinity , FSIZE infinity/infinity , MEMLOCK 1461632k/1461632k
load average: 1,96 1,04 0,80

/proc/meminfo:
MemTotal:       11693056 kB
MemFree:         1762656 kB
MemAvailable:    6178176 kB
Buffers:          315888 kB
Cached:          4115652 kB
SwapCached:          256 kB
Active:          2290428 kB
Inactive:        6736240 kB
Active(anon):      15624 kB
Inactive(anon):  4601004 kB
Active(file):    2274804 kB
Inactive(file):  2135236 kB
Unevictable:          16 kB
Mlocked:              16 kB
SwapTotal:       2097148 kB
SwapFree:        2093308 kB
Zswap:                 0 kB
Zswapped:              0 kB
Dirty:                68 kB
Writeback:             0 kB
AnonPages:       4595004 kB
Mapped:           773452 kB
Shmem:             26948 kB
KReclaimable:     322660 kB
Slab:             559040 kB
SReclaimable:     322660 kB
SUnreclaim:       236380 kB
KernelStack:       13448 kB
PageTables:        36708 kB
NFS_Unstable:          0 kB
Bounce:                0 kB
WritebackTmp:          0 kB
CommitLimit:     7943676 kB
Committed_AS:    9883640 kB
VmallocTotal:   34359738367 kB
VmallocUsed:       73220 kB
VmallocChunk:          0 kB
Percpu:             5312 kB
HardwareCorrupted:     0 kB
AnonHugePages:         0 kB
ShmemHugePages:        0 kB
ShmemPmdMapped:        0 kB
FileHugePages:         0 kB
FilePmdMapped:         0 kB
HugePages_Total:       0
HugePages_Free:        0
HugePages_Rsvd:        0
HugePages_Surp:        0
Hugepagesize:       2048 kB
Hugetlb:               0 kB
DirectMap4k:      940096 kB
DirectMap2M:    11083776 kB
DirectMap1G:           0 kB

/sys/kernel/mm/transparent_hugepage/enabled: always [madvise] never
/sys/kernel/mm/transparent_hugepage/defrag (defrag/compaction efforts parameter): always defer defer+madvise [madvise] never

Process Memory:
Virtual Size: 7720480K (peak: 7786016K)
Resident Set Size: 722152K (peak: 722196K) (anon: 622052K, file: 100100K, shmem: 0K)
Swapped out: 0K
C-Heap outstanding allocations: 364449K, retained: 196198K
glibc malloc tunables: (default)

/proc/sys/kernel/threads-max (system-wide limit on the number of threads): 90729
/proc/sys/vm/max_map_count (maximum number of memory map areas a process may have): 65530
/proc/sys/kernel/pid_max (system-wide limit on number of process identifiers): 4194304

container (cgroup) information:
container_type: cgroupv2
cpu_cpuset_cpus: not supported
cpu_memory_nodes: not supported
active_processor_count: 4
cpu_quota: not supported
cpu_period: not supported
cpu_shares: not supported
memory_limit_in_bytes: unlimited
memory_and_swap_limit_in_bytes: unlimited
memory_soft_limit_in_bytes: unlimited
memory_usage_in_bytes: 4806252 k
memory_max_usage_in_bytes: not supported
maximum number of tasks: 13609
current number of tasks: 182

Steal ticks since vm start: 0
Steal ticks percentage since vm start:  0,000

CPU: total 4 (initial active 4) (4 cores per cpu, 1 threads per core) family 21 model 101 stepping 1 microcode 0x600611a, cx8, cmov, fxsr, mmx, 3dnowpref, sse, sse2, sse3, ssse3, sse4a, sse4.1, sse4.2, popcnt, lzcnt, tsc, tscinvbit, avx, avx2, aes, clmul, bmi1, bmi2, fma, vzeroupper, clflush, rdtscp
CPU Model and flags from /proc/cpuinfo:
model name	: AMD A12-9720P RADEON R7, 12 COMPUTE CORES 4C+8G
flags		: fpu vme de pse tsc msr pae mce cx8 apic sep mtrr pge mca cmov pat pse36 clflush mmx fxsr sse sse2 ht syscall nx mmxext fxsr_opt pdpe1gb rdtscp lm constant_tsc rep_good acc_power nopl nonstop_tsc cpuid extd_apicid aperfmperf pni pclmulqdq monitor ssse3 fma cx16 sse4_1 sse4_2 movbe popcnt aes xsave avx f16c lahf_lm cmp_legacy svm extapic cr8_legacy abm sse4a misalignsse 3dnowprefetch osvw ibs xop skinit wdt lwp fma4 tce nodeid_msr tbm topoext perfctr_core perfctr_nb bpext ptsc mwaitx cpb hw_pstate ssbd ibpb vmmcall fsgsbase bmi1 avx2 smep bmi2 xsaveopt arat npt lbrv svm_lock nrip_save tsc_scale vmcb_clean flushbyasid decodeassists pausefilter pfthreshold avic vgif overflow_recov

Online cpus: 0-3
Offline cpus: 
BIOS frequency limitation: 2700000
Frequency switch latency (ns): 4000
Available cpu frequencies: 2700000 2300000 1800000 1400000 
Current governor: schedutil
Core performance/turbo boost: 1

Memory: 4k page, physical 11693056k(1762656k free), swap 2097148k(2093308k free)
Page Sizes: 4k

vm_info: OpenJDK 64-Bit Server VM (19.0.1+10) for linux-amd64 JRE (19.0.1+10) (Zulu19.30+11-CA), built on Sep 22 2022 18:17:27 by "zulu_re" with gcc 10.3.0

END.
