#
# A fatal error has been detected by the Java Runtime Environment:
#
#  SIGSEGV (0xb) at pc=0x00007fcb10000520, pid=202148, tid=202149
#
# JRE version: OpenJDK Runtime Environment Zulu19.30+11-CA (19.0.1+10) (build 19.0.1+10)
# Java VM: OpenJDK 64-Bit Server VM Zulu19.30+11-CA (19.0.1+10, mixed mode, sharing, tiered, compressed oops, compressed class ptrs, g1 gc, linux-amd64)
# Problematic frame:
# C  0x00007fcb10000520
#
# Core dump will be written. Default location: Core dumps may be processed with "/usr/share/apport/apport -p%p -s%s -c%c -d%d -P%P -u%u -g%g -- %E" (or dumping to /home/agustin/NetBeansProjects/djlAi/core.202148)
#
# If you would like to submit a bug report, please visit:
#   http://www.azul.com/support/
# The crash happened outside the Java Virtual Machine in native code.
# See problematic frame for where to report the bug.
#

---------------  S U M M A R Y ------------

Command Line: -agentlib:jdwp=transport=dt_socket,server=n,address=49617 edu.ubp.doo.djlai.Yolo8

Host: AMD A12-9720P RADEON R7, 12 COMPUTE CORES 4C+8G, 4 cores, 11G, Ubuntu 22.04.2 LTS
Time: Tue Jul  4 23:35:57 2023 -03 elapsed time: 167.099117 seconds (0d 0h 2m 47s)

---------------  T H R E A D  ---------------

Current thread (0x00007fcb10028890):  JavaThread "main" [_thread_in_native, id=202149, stack(0x00007fcb17700000,0x00007fcb17800000)]

Stack: [0x00007fcb17700000,0x00007fcb17800000],  sp=0x00007fcb177fd738,  free space=1013k
Native frames: (J=compiled Java code, j=interpreted, Vv=VM code, C=native code)
C  0x00007fcb10000520

Java frames: (J=compiled Java code, j=interpreted, Vv=VM code)
J 957  com.sun.jna.Native.invokeInt(Lcom/sun/jna/Function;JI[Ljava/lang/Object;)I (0 bytes) @ 0x00007fcb00720891 [0x00007fcb00720820+0x0000000000000071]
J 955 c1 com.sun.jna.Function.invoke([Ljava/lang/Object;Ljava/lang/Class;ZI)Ljava/lang/Object; (769 bytes) @ 0x00007fcaf8dc2fdc [0x00007fcaf8dc28c0+0x000000000000071c]
J 932 c1 com.sun.jna.Function.invoke(Ljava/lang/reflect/Method;[Ljava/lang/Class;Ljava/lang/Class;[Ljava/lang/Object;Ljava/util/Map;)Ljava/lang/Object; (548 bytes) @ 0x00007fcaf8daf504 [0x00007fcaf8dadf20+0x00000000000015e4]
J 956 c1 com.sun.jna.Library$Handler.invoke(Ljava/lang/Object;Ljava/lang/reflect/Method;[Ljava/lang/Object;)Ljava/lang/Object; (394 bytes) @ 0x00007fcaf8dd195c [0x00007fcaf8dcf420+0x000000000000253c]
j  jdk.proxy1.$Proxy0.MXNDArrayWaitToRead(Lcom/sun/jna/Pointer;)I+16 jdk.proxy1
j  ai.djl.mxnet.jna.JnaUtils.waitToRead(Lcom/sun/jna/Pointer;)V+10
j  ai.djl.mxnet.engine.MxNDArray.close()V+21
j  ai.djl.ndarray.NDArrayAdapter.close()V+36
j  ai.djl.onnxruntime.engine.OrtNDArray.close()V+21
j  ai.djl.ndarray.BaseNDManager.close()V+61
j  ai.djl.onnxruntime.engine.OrtNDManager.close()V+1
j  ai.djl.inference.Predictor$PredictorContext.close()V+4
j  ai.djl.inference.Predictor.batchPredict(Ljava/util/List;)Ljava/util/List;+254
j  ai.djl.inference.Predictor.predict(Ljava/lang/Object;)Ljava/lang/Object;+5
j  edu.ubp.doo.djlai.Yolo8.main([Ljava/lang/String;)V+137
v  ~StubRoutines::call_stub 0x00007fcb00137cc6

siginfo: si_signo: 11 (SIGSEGV), si_code: 2 (SEGV_ACCERR), si_addr: 0x00007fcb10000520

Registers:
RAX=0x00007fcb11eacea0, RBX=0x00007fcb11d3e4b0, RCX=0x00007fca4834a808, RDX=0x00007fcb10a090f0
RSP=0x00007fcb177fd738, RBP=0x00007fcb177fd760, RSI=0x00007fcb11d21000, RDI=0x00007fcb11eacea0
R8 =0x00007fcb1014c320, R9 =0x00007fcb177fd720, R10=0x0000000000000000, R11=0x00007fca63a82620
R12=0x00007fcb177fd910, R13=0x0000000000000008, R14=0x0000000000000001, R15=0x00007fcb177fd8f0
RIP=0x00007fcb10000520, EFLAGS=0x0000000000010202, CSGSFS=0x002b000000000033, ERR=0x0000000000000015
  TRAPNO=0x000000000000000e


Register to memory mapping:

RAX=0x00007fcb11eacea0 points into unknown readable memory: 0x00007fcb10646300 | 00 63 64 10 cb 7f 00 00
RBX=0x00007fcb11d3e4b0 points into unknown readable memory: 0x00007fca4834a808 | 08 a8 34 48 ca 7f 00 00
RCX=0x00007fca4834a808 points into unknown readable memory: 0x00007fca40000040 | 40 00 00 40 ca 7f 00 00
RDX=0x00007fcb10a090f0 points into unknown readable memory: 0x01656c6261546570 | 70 65 54 61 62 6c 65 01
RSP=0x00007fcb177fd738 is pointing into the stack for thread: 0x00007fcb10028890
RBP=0x00007fcb177fd760 is pointing into the stack for thread: 0x00007fcb10028890
RSI=0x00007fcb11d21000 points into unknown readable memory: 0x00007fca4b7e7ff0 | f0 7f 7e 4b ca 7f 00 00
RDI=0x00007fcb11eacea0 points into unknown readable memory: 0x00007fca4834dd00 | 00 dd 34 48 ca 7f 00 00
R8 =0x00007fcb1014c320 points into unknown readable memory: 0x00007fcb10028890 | 90 88 02 10 cb 7f 00 00
R9 =0x00007fcb177fd720 is pointing into the stack for thread: 0x00007fcb10028890
R10=0x0 is NULL
R11=0x00007fca63a82620: MXNDArrayWaitToRead+0x0000000000000000 in /home/agustin/.djl.ai/mxnet/1.9.1-mkl-linux-x86_64/libmxnet.so at 0x00007fca62800000
R12=0x00007fcb177fd910 is pointing into the stack for thread: 0x00007fcb10028890
R13=0x0000000000000008 is an unknown value
R14=0x0000000000000001 is an unknown value
R15=0x00007fcb177fd8f0 is pointing into the stack for thread: 0x00007fcb10028890


Top of Stack: (sp=0x00007fcb177fd738)
0x00007fcb177fd738:   00007fca63a8264f 00007fcb100293c8
0x00007fcb177fd748:   00007fcb177fd860 0000000000000008
0x00007fcb177fd758:   00007fca98216052 0000000000000006
0x00007fcb177fd768:   00007fcb177fde98 00007fcb177fd870 

Instructions: (pc=0x00007fcb10000520)
0x00007fcb10000420:   10 04 00 10 cb 7f 00 00 10 04 00 10 cb 7f 00 00
0x00007fcb10000430:   20 04 00 10 cb 7f 00 00 20 04 00 10 cb 7f 00 00
0x00007fcb10000440:   80 77 36 10 cb 7f 00 00 80 14 71 10 cb 7f 00 00
0x00007fcb10000450:   40 04 00 10 cb 7f 00 00 40 04 00 10 cb 7f 00 00
0x00007fcb10000460:   50 04 00 10 cb 7f 00 00 50 04 00 10 cb 7f 00 00
0x00007fcb10000470:   60 04 00 10 cb 7f 00 00 60 04 00 10 cb 7f 00 00
0x00007fcb10000480:   d0 2b 9e 10 cb 7f 00 00 d0 2b 9e 10 cb 7f 00 